2026-03-24 17:34:34 | INFO     | Logger initialized — experiments/xgboost
2026-03-24 17:34:34 | INFO     | Log file - experiments/xgboost/run_20260324_173434.log
2026-03-24 17:34:34 | INFO     | CSV metrics - experiments/xgboost/metrics.csv
2026-03-24 17:34:34 | INFO     | Pipeline fitted on devices: ['edgegpu', 'raspi4', 'pixel3', 'fpga', 'eyeriss']
2026-03-24 17:34:56 | INFO     | DatasetBuilder: 78125 samples built (15625 archs x 5 devices).
2026-03-24 17:36:12 | INFO     | [0] train-mae:0.72499 | val-mae:0.56647
2026-03-24 17:36:12 | INFO     | [1] train-mae:0.69945 | val-mae:0.54693
2026-03-24 17:36:12 | INFO     | [2] train-mae:0.67432 | val-mae:0.52802
2026-03-24 17:36:12 | INFO     | [3] train-mae:0.65005 | val-mae:0.50983
2026-03-24 17:36:12 | INFO     | [4] train-mae:0.62785 | val-mae:0.49327
2026-03-24 17:36:12 | INFO     | [5] train-mae:0.60703 | val-mae:0.47753
2026-03-24 17:36:12 | INFO     | [6] train-mae:0.58649 | val-mae:0.46166
2026-03-24 17:36:12 | INFO     | [7] train-mae:0.56694 | val-mae:0.44703
2026-03-24 17:36:12 | INFO     | [8] train-mae:0.54754 | val-mae:0.43226
2026-03-24 17:36:12 | INFO     | [9] train-mae:0.52916 | val-mae:0.41841
2026-03-24 17:36:12 | INFO     | [10] train-mae:0.51166 | val-mae:0.40533
2026-03-24 17:36:12 | INFO     | [11] train-mae:0.49429 | val-mae:0.39239
2026-03-24 17:36:12 | INFO     | [12] train-mae:0.47835 | val-mae:0.38051
2026-03-24 17:36:12 | INFO     | [13] train-mae:0.46303 | val-mae:0.36912
2026-03-24 17:36:12 | INFO     | [14] train-mae:0.44873 | val-mae:0.35836
2026-03-24 17:36:12 | INFO     | [15] train-mae:0.43383 | val-mae:0.34723
2026-03-24 17:36:12 | INFO     | [16] train-mae:0.41952 | val-mae:0.33606
2026-03-24 17:36:12 | INFO     | [17] train-mae:0.40607 | val-mae:0.32612
2026-03-24 17:36:12 | INFO     | [18] train-mae:0.39385 | val-mae:0.31718
2026-03-24 17:36:12 | INFO     | [19] train-mae:0.38190 | val-mae:0.30835
2026-03-24 17:36:12 | INFO     | [20] train-mae:0.36999 | val-mae:0.29956
2026-03-24 17:36:12 | INFO     | [21] train-mae:0.35849 | val-mae:0.29078
2026-03-24 17:36:12 | INFO     | [22] train-mae:0.34754 | val-mae:0.28264
2026-03-24 17:36:12 | INFO     | [23] train-mae:0.33707 | val-mae:0.27489
2026-03-24 17:36:12 | INFO     | [24] train-mae:0.32708 | val-mae:0.26742
2026-03-24 17:36:12 | INFO     | [25] train-mae:0.31713 | val-mae:0.26005
2026-03-24 17:36:12 | INFO     | [26] train-mae:0.30800 | val-mae:0.25330
2026-03-24 17:36:12 | INFO     | [27] train-mae:0.29897 | val-mae:0.24678
2026-03-24 17:36:12 | INFO     | [28] train-mae:0.29013 | val-mae:0.24029
2026-03-24 17:36:12 | INFO     | [29] train-mae:0.28327 | val-mae:0.23482
2026-03-24 17:36:12 | INFO     | [30] train-mae:0.27506 | val-mae:0.22883
2026-03-24 17:36:12 | INFO     | [31] train-mae:0.26742 | val-mae:0.22334
2026-03-24 17:36:12 | INFO     | [32] train-mae:0.26000 | val-mae:0.21794
2026-03-24 17:36:12 | INFO     | [33] train-mae:0.25235 | val-mae:0.21211
2026-03-24 17:36:12 | INFO     | [34] train-mae:0.24516 | val-mae:0.20669
2026-03-24 17:36:12 | INFO     | [35] train-mae:0.23804 | val-mae:0.20149
2026-03-24 17:36:12 | INFO     | [36] train-mae:0.23178 | val-mae:0.19690
2026-03-24 17:36:12 | INFO     | [37] train-mae:0.22559 | val-mae:0.19228
2026-03-24 17:36:12 | INFO     | [38] train-mae:0.21946 | val-mae:0.18764
2026-03-24 17:36:12 | INFO     | [39] train-mae:0.21393 | val-mae:0.18363
2026-03-24 17:36:12 | INFO     | [40] train-mae:0.20832 | val-mae:0.17947
2026-03-24 17:36:12 | INFO     | [41] train-mae:0.20311 | val-mae:0.17575
2026-03-24 17:36:12 | INFO     | [42] train-mae:0.19773 | val-mae:0.17169
2026-03-24 17:36:12 | INFO     | [43] train-mae:0.19270 | val-mae:0.16803
2026-03-24 17:36:12 | INFO     | [44] train-mae:0.18845 | val-mae:0.16499
2026-03-24 17:36:12 | INFO     | [45] train-mae:0.18377 | val-mae:0.16151
2026-03-24 17:36:12 | INFO     | [46] train-mae:0.17949 | val-mae:0.15834
2026-03-24 17:36:12 | INFO     | [47] train-mae:0.17515 | val-mae:0.15522
2026-03-24 17:36:12 | INFO     | [48] train-mae:0.17117 | val-mae:0.15232
2026-03-24 17:36:12 | INFO     | [49] train-mae:0.16686 | val-mae:0.14904
2026-03-24 17:36:12 | INFO     | [50] train-mae:0.16294 | val-mae:0.14604
2026-03-24 17:36:12 | INFO     | [51] train-mae:0.15911 | val-mae:0.14320
2026-03-24 17:36:12 | INFO     | [52] train-mae:0.15593 | val-mae:0.14088
2026-03-24 17:36:12 | INFO     | [53] train-mae:0.15285 | val-mae:0.13873
2026-03-24 17:36:12 | INFO     | [54] train-mae:0.14974 | val-mae:0.13648
2026-03-24 17:36:12 | INFO     | [55] train-mae:0.14632 | val-mae:0.13393
2026-03-24 17:36:12 | INFO     | [56] train-mae:0.14319 | val-mae:0.13160
2026-03-24 17:36:12 | INFO     | [57] train-mae:0.14048 | val-mae:0.12963
2026-03-24 17:36:12 | INFO     | [58] train-mae:0.13772 | val-mae:0.12768
2026-03-24 17:36:12 | INFO     | [59] train-mae:0.13547 | val-mae:0.12613
2026-03-24 17:36:12 | INFO     | [60] train-mae:0.13291 | val-mae:0.12430
2026-03-24 17:36:12 | INFO     | [61] train-mae:0.13029 | val-mae:0.12231
2026-03-24 17:36:12 | INFO     | [62] train-mae:0.12819 | val-mae:0.12085
2026-03-24 17:36:12 | INFO     | [63] train-mae:0.12565 | val-mae:0.11882
2026-03-24 17:36:12 | INFO     | [64] train-mae:0.12329 | val-mae:0.11713
2026-03-24 17:36:12 | INFO     | [65] train-mae:0.12139 | val-mae:0.11578
2026-03-24 17:36:12 | INFO     | [66] train-mae:0.11965 | val-mae:0.11450
2026-03-24 17:36:12 | INFO     | [67] train-mae:0.11736 | val-mae:0.11280
2026-03-24 17:36:12 | INFO     | [68] train-mae:0.11535 | val-mae:0.11135
2026-03-24 17:36:12 | INFO     | [69] train-mae:0.11321 | val-mae:0.10971
2026-03-24 17:36:12 | INFO     | [70] train-mae:0.11105 | val-mae:0.10802
2026-03-24 17:36:12 | INFO     | [71] train-mae:0.10916 | val-mae:0.10660
2026-03-24 17:36:12 | INFO     | [72] train-mae:0.10737 | val-mae:0.10528
2026-03-24 17:36:12 | INFO     | [73] train-mae:0.10608 | val-mae:0.10444
2026-03-24 17:36:12 | INFO     | [74] train-mae:0.10474 | val-mae:0.10351
2026-03-24 17:36:12 | INFO     | [75] train-mae:0.10289 | val-mae:0.10205
2026-03-24 17:36:12 | INFO     | [76] train-mae:0.10115 | val-mae:0.10069
2026-03-24 17:36:12 | INFO     | [77] train-mae:0.09929 | val-mae:0.09914
2026-03-24 17:36:12 | INFO     | [78] train-mae:0.09765 | val-mae:0.09786
2026-03-24 17:36:12 | INFO     | [79] train-mae:0.09609 | val-mae:0.09667
2026-03-24 17:36:12 | INFO     | [80] train-mae:0.09495 | val-mae:0.09591
2026-03-24 17:36:12 | INFO     | [81] train-mae:0.09369 | val-mae:0.09493
2026-03-24 17:36:12 | INFO     | [82] train-mae:0.09236 | val-mae:0.09385
2026-03-24 17:36:12 | INFO     | [83] train-mae:0.09127 | val-mae:0.09304
2026-03-24 17:36:12 | INFO     | [84] train-mae:0.08986 | val-mae:0.09191
2026-03-24 17:36:12 | INFO     | [85] train-mae:0.08855 | val-mae:0.09083
2026-03-24 17:36:12 | INFO     | [86] train-mae:0.08760 | val-mae:0.09016
2026-03-24 17:36:12 | INFO     | [87] train-mae:0.08652 | val-mae:0.08934
2026-03-24 17:36:12 | INFO     | [88] train-mae:0.08537 | val-mae:0.08843
2026-03-24 17:36:12 | INFO     | [89] train-mae:0.08439 | val-mae:0.08768
2026-03-24 17:36:12 | INFO     | [90] train-mae:0.08363 | val-mae:0.08719
2026-03-24 17:36:12 | INFO     | [91] train-mae:0.08287 | val-mae:0.08664
2026-03-24 17:36:12 | INFO     | [92] train-mae:0.08197 | val-mae:0.08595
2026-03-24 17:36:12 | INFO     | [93] train-mae:0.08109 | val-mae:0.08533
2026-03-24 17:36:12 | INFO     | [94] train-mae:0.08051 | val-mae:0.08495
2026-03-24 17:36:12 | INFO     | [95] train-mae:0.07989 | val-mae:0.08450
2026-03-24 17:36:12 | INFO     | [96] train-mae:0.07905 | val-mae:0.08387
2026-03-24 17:36:12 | INFO     | [97] train-mae:0.07836 | val-mae:0.08329
2026-03-24 17:36:12 | INFO     | [98] train-mae:0.07748 | val-mae:0.08261
2026-03-24 17:36:12 | INFO     | [99] train-mae:0.07660 | val-mae:0.08184
2026-03-24 17:36:12 | INFO     | [100] train-mae:0.07583 | val-mae:0.08123
2026-03-24 17:36:12 | INFO     | [101] train-mae:0.07500 | val-mae:0.08051
2026-03-24 17:36:12 | INFO     | [102] train-mae:0.07459 | val-mae:0.08023
2026-03-24 17:36:12 | INFO     | [103] train-mae:0.07382 | val-mae:0.07965
2026-03-24 17:36:12 | INFO     | [104] train-mae:0.07337 | val-mae:0.07929
2026-03-24 17:36:12 | INFO     | [105] train-mae:0.07266 | val-mae:0.07873
2026-03-24 17:36:12 | INFO     | [106] train-mae:0.07214 | val-mae:0.07831
2026-03-24 17:36:12 | INFO     | [107] train-mae:0.07155 | val-mae:0.07779
2026-03-24 17:36:12 | INFO     | [108] train-mae:0.07111 | val-mae:0.07740
2026-03-24 17:36:12 | INFO     | [109] train-mae:0.07054 | val-mae:0.07692
2026-03-24 17:36:12 | INFO     | [110] train-mae:0.07001 | val-mae:0.07646
2026-03-24 17:36:12 | INFO     | [111] train-mae:0.06947 | val-mae:0.07598
2026-03-24 17:36:12 | INFO     | [112] train-mae:0.06905 | val-mae:0.07564
2026-03-24 17:36:12 | INFO     | [113] train-mae:0.06862 | val-mae:0.07522
2026-03-24 17:36:12 | INFO     | [114] train-mae:0.06812 | val-mae:0.07479
2026-03-24 17:36:12 | INFO     | [115] train-mae:0.06748 | val-mae:0.07429
2026-03-24 17:36:12 | INFO     | [116] train-mae:0.06719 | val-mae:0.07406
2026-03-24 17:36:12 | INFO     | [117] train-mae:0.06679 | val-mae:0.07364
2026-03-24 17:36:12 | INFO     | [118] train-mae:0.06651 | val-mae:0.07340
2026-03-24 17:36:12 | INFO     | [119] train-mae:0.06611 | val-mae:0.07309
2026-03-24 17:36:12 | INFO     | [120] train-mae:0.06559 | val-mae:0.07271
2026-03-24 17:36:12 | INFO     | [121] train-mae:0.06528 | val-mae:0.07248
2026-03-24 17:36:12 | INFO     | [122] train-mae:0.06501 | val-mae:0.07225
2026-03-24 17:36:12 | INFO     | [123] train-mae:0.06473 | val-mae:0.07202
2026-03-24 17:36:12 | INFO     | [124] train-mae:0.06423 | val-mae:0.07163
2026-03-24 17:36:12 | INFO     | [125] train-mae:0.06384 | val-mae:0.07127
2026-03-24 17:36:12 | INFO     | [126] train-mae:0.06361 | val-mae:0.07106
2026-03-24 17:36:12 | INFO     | [127] train-mae:0.06331 | val-mae:0.07080
2026-03-24 17:36:12 | INFO     | [128] train-mae:0.06313 | val-mae:0.07067
2026-03-24 17:36:12 | INFO     | [129] train-mae:0.06291 | val-mae:0.07051
2026-03-24 17:36:12 | INFO     | [130] train-mae:0.06260 | val-mae:0.07024
2026-03-24 17:36:12 | INFO     | [131] train-mae:0.06243 | val-mae:0.07010
2026-03-24 17:36:12 | INFO     | [132] train-mae:0.06226 | val-mae:0.06997
2026-03-24 17:36:12 | INFO     | [133] train-mae:0.06193 | val-mae:0.06965
2026-03-24 17:36:12 | INFO     | [134] train-mae:0.06172 | val-mae:0.06944
2026-03-24 17:36:12 | INFO     | [135] train-mae:0.06159 | val-mae:0.06932
2026-03-24 17:36:12 | INFO     | [136] train-mae:0.06131 | val-mae:0.06907
2026-03-24 17:36:12 | INFO     | [137] train-mae:0.06118 | val-mae:0.06896
2026-03-24 17:36:12 | INFO     | [138] train-mae:0.06085 | val-mae:0.06863
2026-03-24 17:36:12 | INFO     | [139] train-mae:0.06068 | val-mae:0.06847
2026-03-24 17:36:12 | INFO     | [140] train-mae:0.06050 | val-mae:0.06827
2026-03-24 17:36:12 | INFO     | [141] train-mae:0.06024 | val-mae:0.06804
2026-03-24 17:36:12 | INFO     | [142] train-mae:0.06013 | val-mae:0.06793
2026-03-24 17:36:12 | INFO     | [143] train-mae:0.06002 | val-mae:0.06782
2026-03-24 17:36:12 | INFO     | [144] train-mae:0.05991 | val-mae:0.06772
2026-03-24 17:36:12 | INFO     | [145] train-mae:0.05966 | val-mae:0.06747
2026-03-24 17:36:12 | INFO     | [146] train-mae:0.05954 | val-mae:0.06731
2026-03-24 17:36:12 | INFO     | [147] train-mae:0.05938 | val-mae:0.06709
2026-03-24 17:36:12 | INFO     | [148] train-mae:0.05925 | val-mae:0.06698
2026-03-24 17:36:12 | INFO     | [149] train-mae:0.05912 | val-mae:0.06686
2026-03-24 17:36:12 | INFO     | [150] train-mae:0.05898 | val-mae:0.06671
2026-03-24 17:36:12 | INFO     | [151] train-mae:0.05887 | val-mae:0.06662
2026-03-24 17:36:12 | INFO     | [152] train-mae:0.05875 | val-mae:0.06650
2026-03-24 17:36:12 | INFO     | [153] train-mae:0.05865 | val-mae:0.06642
2026-03-24 17:36:12 | INFO     | [154] train-mae:0.05844 | val-mae:0.06625
2026-03-24 17:36:12 | INFO     | [155] train-mae:0.05826 | val-mae:0.06606
2026-03-24 17:36:12 | INFO     | [156] train-mae:0.05817 | val-mae:0.06598
2026-03-24 17:36:12 | INFO     | [157] train-mae:0.05809 | val-mae:0.06589
2026-03-24 17:36:12 | INFO     | [158] train-mae:0.05796 | val-mae:0.06574
2026-03-24 17:36:12 | INFO     | [159] train-mae:0.05782 | val-mae:0.06559
2026-03-24 17:36:12 | INFO     | [160] train-mae:0.05772 | val-mae:0.06549
2026-03-24 17:36:12 | INFO     | [161] train-mae:0.05766 | val-mae:0.06533
2026-03-24 17:36:12 | INFO     | [162] train-mae:0.05752 | val-mae:0.06518
2026-03-24 17:36:12 | INFO     | [163] train-mae:0.05746 | val-mae:0.06514
2026-03-24 17:36:12 | INFO     | [164] train-mae:0.05735 | val-mae:0.06504
2026-03-24 17:36:12 | INFO     | [165] train-mae:0.05726 | val-mae:0.06493
2026-03-24 17:36:12 | INFO     | [166] train-mae:0.05711 | val-mae:0.06483
2026-03-24 17:36:12 | INFO     | [167] train-mae:0.05702 | val-mae:0.06475
2026-03-24 17:36:12 | INFO     | [168] train-mae:0.05683 | val-mae:0.06455
2026-03-24 17:36:12 | INFO     | [169] train-mae:0.05677 | val-mae:0.06451
2026-03-24 17:36:12 | INFO     | [170] train-mae:0.05666 | val-mae:0.06441
2026-03-24 17:36:12 | INFO     | [171] train-mae:0.05662 | val-mae:0.06433
2026-03-24 17:36:12 | INFO     | [172] train-mae:0.05652 | val-mae:0.06424
2026-03-24 17:36:12 | INFO     | [173] train-mae:0.05642 | val-mae:0.06412
2026-03-24 17:36:12 | INFO     | [174] train-mae:0.05635 | val-mae:0.06405
2026-03-24 17:36:12 | INFO     | [175] train-mae:0.05622 | val-mae:0.06390
2026-03-24 17:36:12 | INFO     | [176] train-mae:0.05611 | val-mae:0.06378
2026-03-24 17:36:12 | INFO     | [177] train-mae:0.05597 | val-mae:0.06364
2026-03-24 17:36:12 | INFO     | [178] train-mae:0.05588 | val-mae:0.06355
2026-03-24 17:36:12 | INFO     | [179] train-mae:0.05576 | val-mae:0.06345
2026-03-24 17:36:12 | INFO     | [180] train-mae:0.05567 | val-mae:0.06338
2026-03-24 17:36:12 | INFO     | [181] train-mae:0.05561 | val-mae:0.06334
2026-03-24 17:36:12 | INFO     | [182] train-mae:0.05558 | val-mae:0.06329
2026-03-24 17:36:12 | INFO     | [183] train-mae:0.05543 | val-mae:0.06313
2026-03-24 17:36:12 | INFO     | [184] train-mae:0.05530 | val-mae:0.06300
2026-03-24 17:36:12 | INFO     | [185] train-mae:0.05512 | val-mae:0.06279
2026-03-24 17:36:12 | INFO     | [186] train-mae:0.05507 | val-mae:0.06274
2026-03-24 17:36:12 | INFO     | [187] train-mae:0.05505 | val-mae:0.06271
2026-03-24 17:36:12 | INFO     | [188] train-mae:0.05493 | val-mae:0.06261
2026-03-24 17:36:12 | INFO     | [189] train-mae:0.05489 | val-mae:0.06255
2026-03-24 17:36:12 | INFO     | [190] train-mae:0.05488 | val-mae:0.06254
2026-03-24 17:36:12 | INFO     | [191] train-mae:0.05484 | val-mae:0.06250
2026-03-24 17:36:12 | INFO     | [192] train-mae:0.05480 | val-mae:0.06246
2026-03-24 17:36:12 | INFO     | [193] train-mae:0.05474 | val-mae:0.06241
2026-03-24 17:36:12 | INFO     | [194] train-mae:0.05465 | val-mae:0.06234
2026-03-24 17:36:12 | INFO     | [195] train-mae:0.05464 | val-mae:0.06233
2026-03-24 17:36:12 | INFO     | [196] train-mae:0.05464 | val-mae:0.06233
2026-03-24 17:36:12 | INFO     | [197] train-mae:0.05457 | val-mae:0.06226
2026-03-24 17:36:12 | INFO     | [198] train-mae:0.05447 | val-mae:0.06218
2026-03-24 17:36:12 | INFO     | [199] train-mae:0.05443 | val-mae:0.06214
2026-03-24 17:36:12 | INFO     | [200] train-mae:0.05436 | val-mae:0.06209
2026-03-24 17:36:12 | INFO     | [201] train-mae:0.05439 | val-mae:0.06198
2026-03-24 17:36:12 | INFO     | [202] train-mae:0.05420 | val-mae:0.06184
2026-03-24 17:36:12 | INFO     | [203] train-mae:0.05418 | val-mae:0.06184
2026-03-24 17:36:12 | INFO     | [204] train-mae:0.05418 | val-mae:0.06184
2026-03-24 17:36:12 | INFO     | [205] train-mae:0.05417 | val-mae:0.06183
2026-03-24 17:36:12 | INFO     | [206] train-mae:0.05417 | val-mae:0.06184
2026-03-24 17:36:12 | INFO     | [207] train-mae:0.05417 | val-mae:0.06184
2026-03-24 17:36:12 | INFO     | [208] train-mae:0.05410 | val-mae:0.06175
2026-03-24 17:36:12 | INFO     | [209] train-mae:0.05398 | val-mae:0.06164
2026-03-24 17:36:12 | INFO     | [210] train-mae:0.05398 | val-mae:0.06164
2026-03-24 17:36:12 | INFO     | [211] train-mae:0.05398 | val-mae:0.06164
2026-03-24 17:36:12 | INFO     | [212] train-mae:0.05395 | val-mae:0.06164
2026-03-24 17:36:12 | INFO     | [213] train-mae:0.05395 | val-mae:0.06163
2026-03-24 17:36:12 | INFO     | [214] train-mae:0.05395 | val-mae:0.06163
2026-03-24 17:36:12 | INFO     | [215] train-mae:0.05395 | val-mae:0.06163
2026-03-24 17:36:12 | INFO     | [216] train-mae:0.05394 | val-mae:0.06163
2026-03-24 17:36:12 | INFO     | [217] train-mae:0.05390 | val-mae:0.06158
2026-03-24 17:36:12 | INFO     | [218] train-mae:0.05390 | val-mae:0.06158
2026-03-24 17:36:12 | INFO     | [219] train-mae:0.05380 | val-mae:0.06142
2026-03-24 17:36:12 | INFO     | [220] train-mae:0.05373 | val-mae:0.06131
2026-03-24 17:36:12 | INFO     | [221] train-mae:0.05373 | val-mae:0.06131
2026-03-24 17:36:12 | INFO     | [222] train-mae:0.05373 | val-mae:0.06131
2026-03-24 17:36:12 | INFO     | [223] train-mae:0.05356 | val-mae:0.06114
2026-03-24 17:36:12 | INFO     | [224] train-mae:0.05352 | val-mae:0.06113
2026-03-24 17:36:12 | INFO     | [225] train-mae:0.05352 | val-mae:0.06113
2026-03-24 17:36:12 | INFO     | [226] train-mae:0.05352 | val-mae:0.06114
2026-03-24 17:36:12 | INFO     | [227] train-mae:0.05352 | val-mae:0.06114
2026-03-24 17:36:12 | INFO     | [228] train-mae:0.05343 | val-mae:0.06104
2026-03-24 17:36:12 | INFO     | [229] train-mae:0.05343 | val-mae:0.06104
2026-03-24 17:36:12 | INFO     | [230] train-mae:0.05343 | val-mae:0.06104
2026-03-24 17:36:12 | INFO     | [231] train-mae:0.05341 | val-mae:0.06103
2026-03-24 17:36:12 | INFO     | [232] train-mae:0.05341 | val-mae:0.06103
2026-03-24 17:36:12 | INFO     | [233] train-mae:0.05341 | val-mae:0.06103
2026-03-24 17:36:12 | INFO     | [234] train-mae:0.05341 | val-mae:0.06103
2026-03-24 17:36:12 | INFO     | [235] train-mae:0.05341 | val-mae:0.06103
2026-03-24 17:36:12 | INFO     | [236] train-mae:0.05341 | val-mae:0.06103
2026-03-24 17:36:12 | INFO     | [237] train-mae:0.05341 | val-mae:0.06103
2026-03-24 17:36:12 | INFO     | [238] train-mae:0.05335 | val-mae:0.06100
2026-03-24 17:36:12 | INFO     | [239] train-mae:0.05335 | val-mae:0.06101
2026-03-24 17:36:12 | INFO     | [240] train-mae:0.05335 | val-mae:0.06101
2026-03-24 17:36:12 | INFO     | [241] train-mae:0.05332 | val-mae:0.06098
2026-03-24 17:36:12 | INFO     | [242] train-mae:0.05332 | val-mae:0.06098
2026-03-24 17:36:12 | INFO     | [243] train-mae:0.05332 | val-mae:0.06098
2026-03-24 17:36:12 | INFO     | [244] train-mae:0.05332 | val-mae:0.06098
2026-03-24 17:36:12 | INFO     | [245] train-mae:0.05332 | val-mae:0.06098
2026-03-24 17:36:12 | INFO     | [246] train-mae:0.05332 | val-mae:0.06098
2026-03-24 17:36:12 | INFO     | [247] train-mae:0.05326 | val-mae:0.06093
2026-03-24 17:36:12 | INFO     | [248] train-mae:0.05326 | val-mae:0.06093
2026-03-24 17:36:12 | INFO     | [249] train-mae:0.05311 | val-mae:0.06081
2026-03-24 17:36:12 | INFO     | [250] train-mae:0.05298 | val-mae:0.06063
2026-03-24 17:36:12 | INFO     | [251] train-mae:0.05292 | val-mae:0.06061
2026-03-24 17:36:12 | INFO     | [252] train-mae:0.05292 | val-mae:0.06061
2026-03-24 17:36:12 | INFO     | [253] train-mae:0.05289 | val-mae:0.06061
2026-03-24 17:36:12 | INFO     | [254] train-mae:0.05289 | val-mae:0.06061
2026-03-24 17:36:12 | INFO     | [255] train-mae:0.05289 | val-mae:0.06061
2026-03-24 17:36:12 | INFO     | [256] train-mae:0.05289 | val-mae:0.06061
2026-03-24 17:36:12 | INFO     | [257] train-mae:0.05287 | val-mae:0.06059
2026-03-24 17:36:12 | INFO     | [258] train-mae:0.05287 | val-mae:0.06059
2026-03-24 17:36:12 | INFO     | [259] train-mae:0.05287 | val-mae:0.06059
2026-03-24 17:36:12 | INFO     | [260] train-mae:0.05287 | val-mae:0.06059
2026-03-24 17:36:12 | INFO     | [261] train-mae:0.05287 | val-mae:0.06059
2026-03-24 17:36:12 | INFO     | [262] train-mae:0.05287 | val-mae:0.06059
2026-03-24 17:36:12 | INFO     | [263] train-mae:0.05287 | val-mae:0.06060
2026-03-24 17:36:12 | INFO     | [264] train-mae:0.05286 | val-mae:0.06051
2026-03-24 17:36:12 | INFO     | [265] train-mae:0.05285 | val-mae:0.06051
2026-03-24 17:36:12 | INFO     | [266] train-mae:0.05283 | val-mae:0.06050
2026-03-24 17:36:12 | INFO     | [267] train-mae:0.05283 | val-mae:0.06050
2026-03-24 17:36:12 | INFO     | [268] train-mae:0.05283 | val-mae:0.06050
2026-03-24 17:36:12 | INFO     | [269] train-mae:0.05283 | val-mae:0.06050
2026-03-24 17:36:12 | INFO     | [270] train-mae:0.05283 | val-mae:0.06051
2026-03-24 17:36:12 | INFO     | [271] train-mae:0.05273 | val-mae:0.06041
2026-03-24 17:36:12 | INFO     | [272] train-mae:0.05273 | val-mae:0.06041
2026-03-24 17:36:12 | INFO     | [273] train-mae:0.05273 | val-mae:0.06041
2026-03-24 17:36:12 | INFO     | [274] train-mae:0.05273 | val-mae:0.06041
2026-03-24 17:36:12 | INFO     | [275] train-mae:0.05273 | val-mae:0.06041
2026-03-24 17:36:12 | INFO     | [276] train-mae:0.05273 | val-mae:0.06041
2026-03-24 17:36:12 | INFO     | [277] train-mae:0.05270 | val-mae:0.06040
2026-03-24 17:36:12 | INFO     | [278] train-mae:0.05270 | val-mae:0.06040
2026-03-24 17:36:12 | INFO     | [279] train-mae:0.05270 | val-mae:0.06040
2026-03-24 17:36:12 | INFO     | [280] train-mae:0.05264 | val-mae:0.06037
2026-03-24 17:36:12 | INFO     | [281] train-mae:0.05264 | val-mae:0.06037
2026-03-24 17:36:12 | INFO     | [282] train-mae:0.05264 | val-mae:0.06037
2026-03-24 17:36:12 | INFO     | [283] train-mae:0.05264 | val-mae:0.06037
2026-03-24 17:36:12 | INFO     | [284] train-mae:0.05264 | val-mae:0.06037
2026-03-24 17:36:12 | INFO     | [285] train-mae:0.05264 | val-mae:0.06037
2026-03-24 17:36:12 | INFO     | [286] train-mae:0.05264 | val-mae:0.06037
2026-03-24 17:36:12 | INFO     | [287] train-mae:0.05262 | val-mae:0.06037
2026-03-24 17:36:12 | INFO     | [288] train-mae:0.05262 | val-mae:0.06037
2026-03-24 17:36:12 | INFO     | [289] train-mae:0.05258 | val-mae:0.06035
2026-03-24 17:36:12 | INFO     | [290] train-mae:0.05258 | val-mae:0.06035
2026-03-24 17:36:12 | INFO     | [291] train-mae:0.05258 | val-mae:0.06035
2026-03-24 17:36:12 | INFO     | [292] train-mae:0.05257 | val-mae:0.06036
2026-03-24 17:36:12 | INFO     | [293] train-mae:0.05257 | val-mae:0.06036
2026-03-24 17:36:12 | INFO     | [294] train-mae:0.05255 | val-mae:0.06036
2026-03-24 17:36:12 | INFO     | [295] train-mae:0.05255 | val-mae:0.06036
2026-03-24 17:36:12 | INFO     | [296] train-mae:0.05255 | val-mae:0.06036
2026-03-24 17:36:12 | INFO     | [297] train-mae:0.05255 | val-mae:0.06036
2026-03-24 17:36:12 | INFO     | [298] train-mae:0.05255 | val-mae:0.06037
2026-03-24 17:36:12 | INFO     | [299] train-mae:0.05255 | val-mae:0.06037
2026-03-24 17:36:12 | INFO     | [300] train-mae:0.05255 | val-mae:0.06037
2026-03-24 17:36:12 | INFO     | [301] train-mae:0.05255 | val-mae:0.06037
2026-03-24 17:36:12 | INFO     | [302] train-mae:0.05261 | val-mae:0.06034
2026-03-24 17:36:12 | INFO     | [303] train-mae:0.05257 | val-mae:0.06035
2026-03-24 17:36:12 | INFO     | [304] train-mae:0.05257 | val-mae:0.06036
2026-03-24 17:36:12 | INFO     | [305] train-mae:0.05258 | val-mae:0.06036
2026-03-24 17:36:12 | INFO     | [306] train-mae:0.05253 | val-mae:0.06035
2026-03-24 17:36:12 | INFO     | [307] train-mae:0.05253 | val-mae:0.06035
2026-03-24 17:36:12 | INFO     | [308] train-mae:0.05253 | val-mae:0.06035
2026-03-24 17:36:12 | INFO     | [309] train-mae:0.05251 | val-mae:0.06035
2026-03-24 17:36:12 | INFO     | [310] train-mae:0.05245 | val-mae:0.06029
2026-03-24 17:36:12 | INFO     | [311] train-mae:0.05245 | val-mae:0.06028
2026-03-24 17:36:12 | INFO     | [312] train-mae:0.05241 | val-mae:0.06024
2026-03-24 17:36:12 | INFO     | [313] train-mae:0.05241 | val-mae:0.06024
2026-03-24 17:36:12 | INFO     | [314] train-mae:0.05241 | val-mae:0.06024
2026-03-24 17:36:12 | INFO     | [315] train-mae:0.05240 | val-mae:0.06024
2026-03-24 17:36:12 | INFO     | [316] train-mae:0.05240 | val-mae:0.06024
2026-03-24 17:36:12 | INFO     | [317] train-mae:0.05240 | val-mae:0.06024
2026-03-24 17:36:12 | INFO     | [318] train-mae:0.05240 | val-mae:0.06024
2026-03-24 17:36:12 | INFO     | [319] train-mae:0.05240 | val-mae:0.06024
2026-03-24 17:36:12 | INFO     | [320] train-mae:0.05237 | val-mae:0.06023
2026-03-24 17:36:12 | INFO     | [321] train-mae:0.05237 | val-mae:0.06023
2026-03-24 17:36:12 | INFO     | [322] train-mae:0.05237 | val-mae:0.06023
2026-03-24 17:36:12 | INFO     | [323] train-mae:0.05237 | val-mae:0.06023
2026-03-24 17:36:12 | INFO     | [324] train-mae:0.05237 | val-mae:0.06023
2026-03-24 17:36:12 | INFO     | [325] train-mae:0.05236 | val-mae:0.06022
2026-03-24 17:36:12 | INFO     | [326] train-mae:0.05236 | val-mae:0.06022
2026-03-24 17:36:12 | INFO     | [327] train-mae:0.05236 | val-mae:0.06022
2026-03-24 17:36:12 | INFO     | [328] train-mae:0.05236 | val-mae:0.06022
2026-03-24 17:36:12 | INFO     | [329] train-mae:0.05236 | val-mae:0.06022
2026-03-24 17:36:12 | INFO     | [330] train-mae:0.05236 | val-mae:0.06022
2026-03-24 17:36:12 | INFO     | [331] train-mae:0.05232 | val-mae:0.06018
2026-03-24 17:36:12 | INFO     | [332] train-mae:0.05232 | val-mae:0.06018
2026-03-24 17:36:12 | INFO     | [333] train-mae:0.05232 | val-mae:0.06018
2026-03-24 17:36:12 | INFO     | [334] train-mae:0.05232 | val-mae:0.06018
2026-03-24 17:36:12 | INFO     | [335] train-mae:0.05232 | val-mae:0.06018
2026-03-24 17:36:12 | INFO     | [336] train-mae:0.05232 | val-mae:0.06018
2026-03-24 17:36:12 | INFO     | [337] train-mae:0.05232 | val-mae:0.06018
2026-03-24 17:36:12 | INFO     | [338] train-mae:0.05231 | val-mae:0.06018
2026-03-24 17:36:12 | INFO     | [339] train-mae:0.05231 | val-mae:0.06017
2026-03-24 17:36:12 | INFO     | [340] train-mae:0.05231 | val-mae:0.06017
2026-03-24 17:36:12 | INFO     | [341] train-mae:0.05231 | val-mae:0.06017
2026-03-24 17:36:12 | INFO     | [342] train-mae:0.05231 | val-mae:0.06017
2026-03-24 17:36:12 | INFO     | [343] train-mae:0.05231 | val-mae:0.06017
2026-03-24 17:36:12 | INFO     | [344] train-mae:0.05231 | val-mae:0.06017
2026-03-24 17:36:12 | INFO     | [345] train-mae:0.05231 | val-mae:0.06017
2026-03-24 17:36:12 | INFO     | [346] train-mae:0.05227 | val-mae:0.06017
2026-03-24 17:36:12 | INFO     | [347] train-mae:0.05227 | val-mae:0.06017
2026-03-24 17:36:12 | INFO     | [348] train-mae:0.05227 | val-mae:0.06017
2026-03-24 17:36:12 | INFO     | [349] train-mae:0.05224 | val-mae:0.06017
2026-03-24 17:36:12 | INFO     | [350] train-mae:0.05224 | val-mae:0.06017
2026-03-24 17:36:12 | INFO     | [351] train-mae:0.05224 | val-mae:0.06017
2026-03-24 17:36:12 | INFO     | [352] train-mae:0.05224 | val-mae:0.06017
2026-03-24 17:36:12 | INFO     | [353] train-mae:0.05224 | val-mae:0.06017
2026-03-24 17:36:12 | INFO     | [354] train-mae:0.05224 | val-mae:0.06016
2026-03-24 17:36:12 | INFO     | [355] train-mae:0.05224 | val-mae:0.06017
2026-03-24 17:36:12 | INFO     | [356] train-mae:0.05224 | val-mae:0.06016
2026-03-24 17:36:12 | INFO     | [357] train-mae:0.05224 | val-mae:0.06017
2026-03-24 17:36:12 | INFO     | [358] train-mae:0.05224 | val-mae:0.06017
2026-03-24 17:36:12 | INFO     | [359] train-mae:0.05224 | val-mae:0.06017
2026-03-24 17:36:12 | INFO     | [360] train-mae:0.05224 | val-mae:0.06017
2026-03-24 17:36:12 | INFO     | [361] train-mae:0.05224 | val-mae:0.06017
2026-03-24 17:36:12 | INFO     | [362] train-mae:0.05220 | val-mae:0.06016
2026-03-24 17:36:12 | INFO     | [363] train-mae:0.05220 | val-mae:0.06016
2026-03-24 17:36:12 | INFO     | [364] train-mae:0.05221 | val-mae:0.06016
2026-03-24 17:36:12 | INFO     | [365] train-mae:0.05221 | val-mae:0.06016
2026-03-24 17:36:12 | INFO     | [366] train-mae:0.05221 | val-mae:0.06016
2026-03-24 17:36:12 | INFO     | [367] train-mae:0.05221 | val-mae:0.06016
2026-03-24 17:36:12 | INFO     | [368] train-mae:0.05221 | val-mae:0.06016
2026-03-24 17:36:12 | INFO     | [369] train-mae:0.05221 | val-mae:0.06016
2026-03-24 17:36:12 | INFO     | [370] train-mae:0.05221 | val-mae:0.06016
2026-03-24 17:36:12 | INFO     | [371] train-mae:0.05219 | val-mae:0.06016
2026-03-24 17:36:12 | INFO     | [372] train-mae:0.05219 | val-mae:0.06016
2026-03-24 17:36:12 | INFO     | [373] train-mae:0.05219 | val-mae:0.06016
2026-03-24 17:36:12 | INFO     | [374] train-mae:0.05219 | val-mae:0.06016
2026-03-24 17:36:12 | INFO     | [375] train-mae:0.05219 | val-mae:0.06016
2026-03-24 17:36:12 | INFO     | [376] train-mae:0.05219 | val-mae:0.06017
2026-03-24 17:36:12 | INFO     | [377] train-mae:0.05219 | val-mae:0.06016
2026-03-24 17:36:12 | INFO     | [378] train-mae:0.05219 | val-mae:0.06016
2026-03-24 17:36:12 | INFO     | [379] train-mae:0.05219 | val-mae:0.06016
2026-03-24 17:36:12 | INFO     | [380] train-mae:0.05219 | val-mae:0.06016
2026-03-24 17:36:12 | INFO     | [381] train-mae:0.05219 | val-mae:0.06016
2026-03-24 17:36:12 | INFO     | [382] train-mae:0.05219 | val-mae:0.06016
2026-03-24 17:36:12 | INFO     | [383] train-mae:0.05219 | val-mae:0.06016
2026-03-24 17:36:12 | INFO     | [384] train-mae:0.05219 | val-mae:0.06016
2026-03-24 17:36:12 | INFO     | [385] train-mae:0.05213 | val-mae:0.06011
2026-03-24 17:36:12 | INFO     | [386] train-mae:0.05213 | val-mae:0.06011
2026-03-24 17:36:12 | INFO     | [387] train-mae:0.05213 | val-mae:0.06011
2026-03-24 17:36:12 | INFO     | [388] train-mae:0.05213 | val-mae:0.06011
2026-03-24 17:36:12 | INFO     | [389] train-mae:0.05213 | val-mae:0.06011
2026-03-24 17:36:12 | INFO     | [390] train-mae:0.05213 | val-mae:0.06011
2026-03-24 17:36:12 | INFO     | [391] train-mae:0.05210 | val-mae:0.06009
2026-03-24 17:36:12 | INFO     | [392] train-mae:0.05210 | val-mae:0.06009
2026-03-24 17:36:12 | INFO     | [393] train-mae:0.05210 | val-mae:0.06009
2026-03-24 17:36:12 | INFO     | [394] train-mae:0.05210 | val-mae:0.06009
2026-03-24 17:36:12 | INFO     | [395] train-mae:0.05210 | val-mae:0.06009
2026-03-24 17:36:12 | INFO     | [396] train-mae:0.05210 | val-mae:0.06009
2026-03-24 17:36:12 | INFO     | [397] train-mae:0.05210 | val-mae:0.06009
2026-03-24 17:36:12 | INFO     | [398] train-mae:0.05210 | val-mae:0.06009
2026-03-24 17:36:12 | INFO     | [399] train-mae:0.05210 | val-mae:0.06009
2026-03-24 17:36:12 | INFO     | [400] train-mae:0.05210 | val-mae:0.06009
2026-03-24 17:36:12 | INFO     | [401] train-mae:0.05210 | val-mae:0.06009
2026-03-24 17:36:12 | INFO     | [402] train-mae:0.05210 | val-mae:0.06009
2026-03-24 17:36:12 | INFO     | [403] train-mae:0.05210 | val-mae:0.06009
2026-03-24 17:36:12 | INFO     | [404] train-mae:0.05210 | val-mae:0.06009
2026-03-24 17:36:12 | INFO     | [405] train-mae:0.05208 | val-mae:0.06008
2026-03-24 17:36:12 | INFO     | [406] train-mae:0.05208 | val-mae:0.06008
2026-03-24 17:36:12 | INFO     | [407] train-mae:0.05208 | val-mae:0.06008
2026-03-24 17:36:12 | INFO     | [408] train-mae:0.05208 | val-mae:0.06008
2026-03-24 17:36:12 | INFO     | [409] train-mae:0.05208 | val-mae:0.06008
2026-03-24 17:36:12 | INFO     | [410] train-mae:0.05208 | val-mae:0.06008
2026-03-24 17:36:12 | INFO     | [411] train-mae:0.05208 | val-mae:0.06008
2026-03-24 17:36:12 | INFO     | [412] train-mae:0.05208 | val-mae:0.06008
2026-03-24 17:36:12 | INFO     | [413] train-mae:0.05208 | val-mae:0.06008
2026-03-24 17:36:12 | INFO     | [414] train-mae:0.05208 | val-mae:0.06008
2026-03-24 17:36:12 | INFO     | [415] train-mae:0.05204 | val-mae:0.06005
2026-03-24 17:36:12 | INFO     | [416] train-mae:0.05204 | val-mae:0.06005
2026-03-24 17:36:12 | INFO     | [417] train-mae:0.05204 | val-mae:0.06005
2026-03-24 17:36:12 | INFO     | [418] train-mae:0.05204 | val-mae:0.06005
2026-03-24 17:36:12 | INFO     | [419] train-mae:0.05204 | val-mae:0.06005
2026-03-24 17:36:12 | INFO     | [420] train-mae:0.05204 | val-mae:0.06005
2026-03-24 17:36:12 | INFO     | [421] train-mae:0.05204 | val-mae:0.06005
2026-03-24 17:36:12 | INFO     | [422] train-mae:0.05204 | val-mae:0.06005
2026-03-24 17:36:12 | INFO     | [423] train-mae:0.05204 | val-mae:0.06005
2026-03-24 17:36:12 | INFO     | [424] train-mae:0.05204 | val-mae:0.06005
2026-03-24 17:36:12 | INFO     | [425] train-mae:0.05204 | val-mae:0.06005
2026-03-24 17:36:12 | INFO     | [426] train-mae:0.05204 | val-mae:0.06005
2026-03-24 17:36:12 | INFO     | [427] train-mae:0.05204 | val-mae:0.06005
2026-03-24 17:36:12 | INFO     | [428] train-mae:0.05204 | val-mae:0.06005
2026-03-24 17:36:12 | INFO     | [429] train-mae:0.05204 | val-mae:0.06005
2026-03-24 17:36:12 | INFO     | [430] train-mae:0.05201 | val-mae:0.06002
2026-03-24 17:36:12 | INFO     | [431] train-mae:0.05201 | val-mae:0.06002
2026-03-24 17:36:12 | INFO     | [432] train-mae:0.05201 | val-mae:0.06002
2026-03-24 17:36:12 | INFO     | [433] train-mae:0.05201 | val-mae:0.06002
2026-03-24 17:36:12 | INFO     | [434] train-mae:0.05201 | val-mae:0.06002
2026-03-24 17:36:12 | INFO     | [435] train-mae:0.05201 | val-mae:0.06002
2026-03-24 17:36:12 | INFO     | [436] train-mae:0.05199 | val-mae:0.06003
2026-03-24 17:36:12 | INFO     | [437] train-mae:0.05199 | val-mae:0.06002
2026-03-24 17:36:12 | INFO     | [438] train-mae:0.05199 | val-mae:0.06002
2026-03-24 17:36:12 | INFO     | [439] train-mae:0.05199 | val-mae:0.06002
2026-03-24 17:36:12 | INFO     | [440] train-mae:0.05199 | val-mae:0.06002
2026-03-24 17:36:12 | INFO     | [441] train-mae:0.05199 | val-mae:0.06002
2026-03-24 17:36:12 | INFO     | [442] train-mae:0.05199 | val-mae:0.06002
2026-03-24 17:36:12 | INFO     | [443] train-mae:0.05199 | val-mae:0.06003
2026-03-24 17:36:12 | INFO     | [444] train-mae:0.05200 | val-mae:0.06003
2026-03-24 17:36:12 | INFO     | [445] train-mae:0.05200 | val-mae:0.06003
2026-03-24 17:36:12 | INFO     | [446] train-mae:0.05199 | val-mae:0.06003
2026-03-24 17:36:12 | INFO     | [447] train-mae:0.05199 | val-mae:0.06003
2026-03-24 17:36:12 | INFO     | [448] train-mae:0.05199 | val-mae:0.06003
2026-03-24 17:36:12 | INFO     | [449] train-mae:0.05199 | val-mae:0.06003
2026-03-24 17:36:12 | INFO     | [450] train-mae:0.05199 | val-mae:0.06003
2026-03-24 17:36:12 | INFO     | [451] train-mae:0.05193 | val-mae:0.05996
2026-03-24 17:36:12 | INFO     | [452] train-mae:0.05193 | val-mae:0.05996
2026-03-24 17:36:12 | INFO     | [453] train-mae:0.05193 | val-mae:0.05996
2026-03-24 17:36:12 | INFO     | [454] train-mae:0.05193 | val-mae:0.05995
2026-03-24 17:36:12 | INFO     | [455] train-mae:0.05193 | val-mae:0.05995
2026-03-24 17:36:12 | INFO     | [456] train-mae:0.05193 | val-mae:0.05995
2026-03-24 17:36:12 | INFO     | [457] train-mae:0.05193 | val-mae:0.05995
2026-03-24 17:36:12 | INFO     | [458] train-mae:0.05193 | val-mae:0.05995
2026-03-24 17:36:12 | INFO     | [459] train-mae:0.05193 | val-mae:0.05995
2026-03-24 17:36:12 | INFO     | [460] train-mae:0.05193 | val-mae:0.05995
2026-03-24 17:36:12 | INFO     | [461] train-mae:0.05193 | val-mae:0.05995
2026-03-24 17:36:12 | INFO     | [462] train-mae:0.05193 | val-mae:0.05995
2026-03-24 17:36:12 | INFO     | [463] train-mae:0.05193 | val-mae:0.05995
2026-03-24 17:36:12 | INFO     | [464] train-mae:0.05193 | val-mae:0.05995
2026-03-24 17:36:12 | INFO     | [465] train-mae:0.05193 | val-mae:0.05995
2026-03-24 17:36:12 | INFO     | [466] train-mae:0.05193 | val-mae:0.05995
2026-03-24 17:36:12 | INFO     | [467] train-mae:0.05193 | val-mae:0.05995
2026-03-24 17:36:12 | INFO     | [468] train-mae:0.05193 | val-mae:0.05995
2026-03-24 17:36:12 | INFO     | [469] train-mae:0.05193 | val-mae:0.05995
2026-03-24 17:36:12 | INFO     | [470] train-mae:0.05193 | val-mae:0.05995
2026-03-24 17:36:12 | INFO     | [471] train-mae:0.05193 | val-mae:0.05995
2026-03-24 17:36:12 | INFO     | [472] train-mae:0.05193 | val-mae:0.05995
2026-03-24 17:36:12 | INFO     | [473] train-mae:0.05193 | val-mae:0.05995
2026-03-24 17:36:12 | INFO     | [474] train-mae:0.05193 | val-mae:0.05995
2026-03-24 17:36:12 | INFO     | [475] train-mae:0.05193 | val-mae:0.05995
2026-03-24 17:36:12 | INFO     | [476] train-mae:0.05193 | val-mae:0.05995
2026-03-24 17:36:12 | INFO     | [477] train-mae:0.05193 | val-mae:0.05995
2026-03-24 17:36:12 | INFO     | [478] train-mae:0.05193 | val-mae:0.05995
2026-03-24 17:36:12 | INFO     | [479] train-mae:0.05190 | val-mae:0.05991
2026-03-24 17:36:12 | INFO     | [480] train-mae:0.05190 | val-mae:0.05991
2026-03-24 17:36:12 | INFO     | [481] train-mae:0.05190 | val-mae:0.05991
2026-03-24 17:36:12 | INFO     | [482] train-mae:0.05190 | val-mae:0.05992
2026-03-24 17:36:12 | INFO     | [483] train-mae:0.05190 | val-mae:0.05991
2026-03-24 17:36:12 | INFO     | [484] train-mae:0.05190 | val-mae:0.05991
2026-03-24 17:36:12 | INFO     | [485] train-mae:0.05190 | val-mae:0.05991
2026-03-24 17:36:12 | INFO     | [486] train-mae:0.05189 | val-mae:0.05991
2026-03-24 17:36:12 | INFO     | [487] train-mae:0.05189 | val-mae:0.05991
2026-03-24 17:36:12 | INFO     | [488] train-mae:0.05189 | val-mae:0.05991
2026-03-24 17:36:12 | INFO     | [489] train-mae:0.05189 | val-mae:0.05991
2026-03-24 17:36:12 | INFO     | [490] train-mae:0.05189 | val-mae:0.05991
2026-03-24 17:36:12 | INFO     | [491] train-mae:0.05189 | val-mae:0.05991
2026-03-24 17:36:12 | INFO     | [492] train-mae:0.05189 | val-mae:0.05991
2026-03-24 17:36:12 | INFO     | [493] train-mae:0.05189 | val-mae:0.05991
2026-03-24 17:36:12 | INFO     | [494] train-mae:0.05189 | val-mae:0.05990
2026-03-24 17:36:12 | INFO     | [495] train-mae:0.05189 | val-mae:0.05990
2026-03-24 17:36:12 | INFO     | [496] train-mae:0.05189 | val-mae:0.05990
2026-03-24 17:36:12 | INFO     | [497] train-mae:0.05189 | val-mae:0.05990
2026-03-24 17:36:12 | INFO     | [498] train-mae:0.05189 | val-mae:0.05990
2026-03-24 17:36:12 | INFO     | [499] train-mae:0.05189 | val-mae:0.05990
2026-03-24 17:36:12 | INFO     | [500] train-mae:0.05189 | val-mae:0.05990
2026-03-24 17:36:12 | INFO     | [501] train-mae:0.05189 | val-mae:0.05990
2026-03-24 17:36:12 | INFO     | [502] train-mae:0.05189 | val-mae:0.05990
2026-03-24 17:36:12 | INFO     | [503] train-mae:0.05189 | val-mae:0.05990
2026-03-24 17:36:12 | INFO     | [504] train-mae:0.05189 | val-mae:0.05990
2026-03-24 17:36:12 | INFO     | [505] train-mae:0.05189 | val-mae:0.05990
2026-03-24 17:36:12 | INFO     | [506] train-mae:0.05189 | val-mae:0.05990
2026-03-24 17:36:12 | INFO     | [507] train-mae:0.05189 | val-mae:0.05990
2026-03-24 17:36:12 | INFO     | [508] train-mae:0.05189 | val-mae:0.05990
2026-03-24 17:36:12 | INFO     | [509] train-mae:0.05189 | val-mae:0.05990
2026-03-24 17:36:12 | INFO     | [510] train-mae:0.05189 | val-mae:0.05991
2026-03-24 17:36:12 | INFO     | [511] train-mae:0.05189 | val-mae:0.05991
2026-03-24 17:36:12 | INFO     | [512] train-mae:0.05189 | val-mae:0.05991
2026-03-24 17:36:12 | INFO     | [513] train-mae:0.05189 | val-mae:0.05991
2026-03-24 17:36:12 | INFO     | [514] train-mae:0.05189 | val-mae:0.05991
2026-03-24 17:36:12 | INFO     | [515] train-mae:0.05189 | val-mae:0.05991
2026-03-24 17:36:12 | INFO     | [516] train-mae:0.05189 | val-mae:0.05991
2026-03-24 17:36:12 | INFO     | [517] train-mae:0.05189 | val-mae:0.05991
2026-03-24 17:36:12 | INFO     | [518] train-mae:0.05189 | val-mae:0.05991
2026-03-24 17:36:12 | INFO     | [519] train-mae:0.05189 | val-mae:0.05991
2026-03-24 17:36:12 | INFO     | [520] train-mae:0.05189 | val-mae:0.05991
2026-03-24 17:36:12 | INFO     | [521] train-mae:0.05189 | val-mae:0.05991
2026-03-24 17:36:12 | INFO     | [522] train-mae:0.05189 | val-mae:0.05991
2026-03-24 17:36:12 | INFO     | [523] train-mae:0.05189 | val-mae:0.05991
2026-03-24 17:36:12 | INFO     | [524] train-mae:0.05189 | val-mae:0.05991
2026-03-24 17:36:12 | INFO     | [525] train-mae:0.05189 | val-mae:0.05991
2026-03-24 17:36:12 | INFO     | [526] train-mae:0.05189 | val-mae:0.05991
2026-03-24 17:36:12 | INFO     | [527] train-mae:0.05189 | val-mae:0.05991
2026-03-24 17:36:12 | INFO     | [528] train-mae:0.05189 | val-mae:0.05991
2026-03-24 17:36:12 | INFO     | [529] train-mae:0.05189 | val-mae:0.05991
2026-03-24 17:36:12 | INFO     | [530] train-mae:0.05189 | val-mae:0.05991
2026-03-24 17:36:12 | INFO     | [531] train-mae:0.05189 | val-mae:0.05991
2026-03-24 17:36:12 | INFO     | [532] train-mae:0.05189 | val-mae:0.05991
2026-03-24 17:36:12 | INFO     | [533] train-mae:0.05189 | val-mae:0.05991
2026-03-24 17:36:12 | INFO     | [534] train-mae:0.05189 | val-mae:0.05991
2026-03-24 17:36:12 | INFO     | [535] train-mae:0.05189 | val-mae:0.05991
2026-03-24 17:36:12 | INFO     | [536] train-mae:0.05189 | val-mae:0.05991
2026-03-24 17:36:12 | INFO     | [537] train-mae:0.05189 | val-mae:0.05991
2026-03-24 17:36:12 | INFO     | [538] train-mae:0.05189 | val-mae:0.05991
2026-03-24 17:36:12 | INFO     | [539] train-mae:0.05189 | val-mae:0.05991
2026-03-24 17:36:12 | INFO     | [540] train-mae:0.05189 | val-mae:0.05991
2026-03-24 17:36:12 | INFO     | Evaluation — MAE: 0.7076 | MAPE: 10.56%
2026-03-24 17:36:12 | INFO     |   edgegpu MAE: 0.2620
2026-03-24 17:36:12 | INFO     |   eyeriss MAE: 0.1497
2026-03-24 17:36:12 | INFO     |   fpga MAE: 0.0710
2026-03-24 17:36:12 | INFO     |   pixel3 MAE: 1.0638
2026-03-24 17:36:12 | INFO     |   raspi4 MAE: 1.9913
