2026-03-24 17:32:46 | INFO     | Logger initialized — experiments/xgboost
2026-03-24 17:32:46 | INFO     | Log file - experiments/xgboost/run_20260324_173246.log
2026-03-24 17:32:46 | INFO     | CSV metrics - experiments/xgboost/metrics.csv
2026-03-24 17:32:46 | INFO     | Pipeline fitted on devices: ['edgegpu', 'raspi4', 'pixel3', 'fpga', 'eyeriss']
2026-03-24 17:33:09 | INFO     | DatasetBuilder: 78125 samples built (15625 archs x 5 devices).
2026-03-24 17:34:24 | INFO     | [0] train-mae:0.67031 | val-mae:0.54654
2026-03-24 17:34:24 | INFO     | [1] train-mae:0.64723 | val-mae:0.52781
2026-03-24 17:34:24 | INFO     | [2] train-mae:0.62449 | val-mae:0.50981
2026-03-24 17:34:24 | INFO     | [3] train-mae:0.60238 | val-mae:0.49238
2026-03-24 17:34:24 | INFO     | [4] train-mae:0.58225 | val-mae:0.47650
2026-03-24 17:34:24 | INFO     | [5] train-mae:0.56281 | val-mae:0.46077
2026-03-24 17:34:24 | INFO     | [6] train-mae:0.54388 | val-mae:0.44537
2026-03-24 17:34:24 | INFO     | [7] train-mae:0.52605 | val-mae:0.43112
2026-03-24 17:34:24 | INFO     | [8] train-mae:0.50821 | val-mae:0.41692
2026-03-24 17:34:24 | INFO     | [9] train-mae:0.49112 | val-mae:0.40348
2026-03-24 17:34:24 | INFO     | [10] train-mae:0.47497 | val-mae:0.39068
2026-03-24 17:34:24 | INFO     | [11] train-mae:0.45920 | val-mae:0.37838
2026-03-24 17:34:24 | INFO     | [12] train-mae:0.44447 | val-mae:0.36661
2026-03-24 17:34:24 | INFO     | [13] train-mae:0.43053 | val-mae:0.35557
2026-03-24 17:34:24 | INFO     | [14] train-mae:0.41748 | val-mae:0.34503
2026-03-24 17:34:24 | INFO     | [15] train-mae:0.40382 | val-mae:0.33439
2026-03-24 17:34:24 | INFO     | [16] train-mae:0.39064 | val-mae:0.32361
2026-03-24 17:34:24 | INFO     | [17] train-mae:0.37836 | val-mae:0.31404
2026-03-24 17:34:24 | INFO     | [18] train-mae:0.36702 | val-mae:0.30512
2026-03-24 17:34:24 | INFO     | [19] train-mae:0.35584 | val-mae:0.29632
2026-03-24 17:34:24 | INFO     | [20] train-mae:0.34482 | val-mae:0.28778
2026-03-24 17:34:24 | INFO     | [21] train-mae:0.33416 | val-mae:0.27929
2026-03-24 17:34:24 | INFO     | [22] train-mae:0.32398 | val-mae:0.27134
2026-03-24 17:34:24 | INFO     | [23] train-mae:0.31426 | val-mae:0.26381
2026-03-24 17:34:24 | INFO     | [24] train-mae:0.30513 | val-mae:0.25669
2026-03-24 17:34:24 | INFO     | [25] train-mae:0.29609 | val-mae:0.24962
2026-03-24 17:34:24 | INFO     | [26] train-mae:0.28776 | val-mae:0.24313
2026-03-24 17:34:24 | INFO     | [27] train-mae:0.27959 | val-mae:0.23694
2026-03-24 17:34:24 | INFO     | [28] train-mae:0.27152 | val-mae:0.23065
2026-03-24 17:34:24 | INFO     | [29] train-mae:0.26524 | val-mae:0.22533
2026-03-24 17:34:24 | INFO     | [30] train-mae:0.25783 | val-mae:0.21964
2026-03-24 17:34:24 | INFO     | [31] train-mae:0.25091 | val-mae:0.21438
2026-03-24 17:34:24 | INFO     | [32] train-mae:0.24432 | val-mae:0.20933
2026-03-24 17:34:24 | INFO     | [33] train-mae:0.23749 | val-mae:0.20400
2026-03-24 17:34:24 | INFO     | [34] train-mae:0.23105 | val-mae:0.19890
2026-03-24 17:34:24 | INFO     | [35] train-mae:0.22468 | val-mae:0.19400
2026-03-24 17:34:24 | INFO     | [36] train-mae:0.21903 | val-mae:0.18960
2026-03-24 17:34:24 | INFO     | [37] train-mae:0.21330 | val-mae:0.18516
2026-03-24 17:34:24 | INFO     | [38] train-mae:0.20759 | val-mae:0.18059
2026-03-24 17:34:24 | INFO     | [39] train-mae:0.20268 | val-mae:0.17685
2026-03-24 17:34:24 | INFO     | [40] train-mae:0.19763 | val-mae:0.17293
2026-03-24 17:34:24 | INFO     | [41] train-mae:0.19295 | val-mae:0.16943
2026-03-24 17:34:24 | INFO     | [42] train-mae:0.18817 | val-mae:0.16566
2026-03-24 17:34:24 | INFO     | [43] train-mae:0.18365 | val-mae:0.16219
2026-03-24 17:34:24 | INFO     | [44] train-mae:0.17977 | val-mae:0.15931
2026-03-24 17:34:24 | INFO     | [45] train-mae:0.17573 | val-mae:0.15613
2026-03-24 17:34:24 | INFO     | [46] train-mae:0.17205 | val-mae:0.15327
2026-03-24 17:34:24 | INFO     | [47] train-mae:0.16809 | val-mae:0.15029
2026-03-24 17:34:24 | INFO     | [48] train-mae:0.16456 | val-mae:0.14761
2026-03-24 17:34:24 | INFO     | [49] train-mae:0.16074 | val-mae:0.14459
2026-03-24 17:34:24 | INFO     | [50] train-mae:0.15686 | val-mae:0.14145
2026-03-24 17:34:24 | INFO     | [51] train-mae:0.15357 | val-mae:0.13891
2026-03-24 17:34:24 | INFO     | [52] train-mae:0.15075 | val-mae:0.13673
2026-03-24 17:34:24 | INFO     | [53] train-mae:0.14788 | val-mae:0.13460
2026-03-24 17:34:24 | INFO     | [54] train-mae:0.14521 | val-mae:0.13261
2026-03-24 17:34:24 | INFO     | [55] train-mae:0.14188 | val-mae:0.12995
2026-03-24 17:34:24 | INFO     | [56] train-mae:0.13899 | val-mae:0.12771
2026-03-24 17:34:24 | INFO     | [57] train-mae:0.13660 | val-mae:0.12589
2026-03-24 17:34:24 | INFO     | [58] train-mae:0.13387 | val-mae:0.12370
2026-03-24 17:34:24 | INFO     | [59] train-mae:0.13185 | val-mae:0.12223
2026-03-24 17:34:24 | INFO     | [60] train-mae:0.12954 | val-mae:0.12051
2026-03-24 17:34:24 | INFO     | [61] train-mae:0.12687 | val-mae:0.11834
2026-03-24 17:34:24 | INFO     | [62] train-mae:0.12491 | val-mae:0.11689
2026-03-24 17:34:24 | INFO     | [63] train-mae:0.12256 | val-mae:0.11499
2026-03-24 17:34:24 | INFO     | [64] train-mae:0.12036 | val-mae:0.11334
2026-03-24 17:34:24 | INFO     | [65] train-mae:0.11857 | val-mae:0.11202
2026-03-24 17:34:24 | INFO     | [66] train-mae:0.11690 | val-mae:0.11071
2026-03-24 17:34:24 | INFO     | [67] train-mae:0.11479 | val-mae:0.10916
2026-03-24 17:34:24 | INFO     | [68] train-mae:0.11298 | val-mae:0.10781
2026-03-24 17:34:24 | INFO     | [69] train-mae:0.11126 | val-mae:0.10653
2026-03-24 17:34:24 | INFO     | [70] train-mae:0.10942 | val-mae:0.10505
2026-03-24 17:34:24 | INFO     | [71] train-mae:0.10767 | val-mae:0.10369
2026-03-24 17:34:24 | INFO     | [72] train-mae:0.10613 | val-mae:0.10251
2026-03-24 17:34:24 | INFO     | [73] train-mae:0.10483 | val-mae:0.10156
2026-03-24 17:34:24 | INFO     | [74] train-mae:0.10349 | val-mae:0.10052
2026-03-24 17:34:24 | INFO     | [75] train-mae:0.10187 | val-mae:0.09923
2026-03-24 17:34:24 | INFO     | [76] train-mae:0.10038 | val-mae:0.09807
2026-03-24 17:34:24 | INFO     | [77] train-mae:0.09882 | val-mae:0.09674
2026-03-24 17:34:24 | INFO     | [78] train-mae:0.09735 | val-mae:0.09559
2026-03-24 17:34:24 | INFO     | [79] train-mae:0.09596 | val-mae:0.09448
2026-03-24 17:34:24 | INFO     | [80] train-mae:0.09500 | val-mae:0.09378
2026-03-24 17:34:24 | INFO     | [81] train-mae:0.09385 | val-mae:0.09287
2026-03-24 17:34:24 | INFO     | [82] train-mae:0.09272 | val-mae:0.09200
2026-03-24 17:34:24 | INFO     | [83] train-mae:0.09175 | val-mae:0.09121
2026-03-24 17:34:24 | INFO     | [84] train-mae:0.09050 | val-mae:0.09014
2026-03-24 17:34:24 | INFO     | [85] train-mae:0.08924 | val-mae:0.08918
2026-03-24 17:34:24 | INFO     | [86] train-mae:0.08831 | val-mae:0.08846
2026-03-24 17:34:24 | INFO     | [87] train-mae:0.08730 | val-mae:0.08768
2026-03-24 17:34:24 | INFO     | [88] train-mae:0.08634 | val-mae:0.08689
2026-03-24 17:34:24 | INFO     | [89] train-mae:0.08543 | val-mae:0.08614
2026-03-24 17:34:24 | INFO     | [90] train-mae:0.08481 | val-mae:0.08573
2026-03-24 17:34:24 | INFO     | [91] train-mae:0.08418 | val-mae:0.08524
2026-03-24 17:34:24 | INFO     | [92] train-mae:0.08335 | val-mae:0.08458
2026-03-24 17:34:24 | INFO     | [93] train-mae:0.08249 | val-mae:0.08391
2026-03-24 17:34:24 | INFO     | [94] train-mae:0.08192 | val-mae:0.08344
2026-03-24 17:34:24 | INFO     | [95] train-mae:0.08140 | val-mae:0.08302
2026-03-24 17:34:24 | INFO     | [96] train-mae:0.08064 | val-mae:0.08241
2026-03-24 17:34:24 | INFO     | [97] train-mae:0.08013 | val-mae:0.08205
2026-03-24 17:34:24 | INFO     | [98] train-mae:0.07929 | val-mae:0.08135
2026-03-24 17:34:24 | INFO     | [99] train-mae:0.07853 | val-mae:0.08064
2026-03-24 17:34:24 | INFO     | [100] train-mae:0.07779 | val-mae:0.08003
2026-03-24 17:34:24 | INFO     | [101] train-mae:0.07708 | val-mae:0.07944
2026-03-24 17:34:24 | INFO     | [102] train-mae:0.07665 | val-mae:0.07910
2026-03-24 17:34:24 | INFO     | [103] train-mae:0.07595 | val-mae:0.07852
2026-03-24 17:34:24 | INFO     | [104] train-mae:0.07556 | val-mae:0.07820
2026-03-24 17:34:24 | INFO     | [105] train-mae:0.07489 | val-mae:0.07769
2026-03-24 17:34:24 | INFO     | [106] train-mae:0.07445 | val-mae:0.07729
2026-03-24 17:34:24 | INFO     | [107] train-mae:0.07373 | val-mae:0.07669
2026-03-24 17:34:24 | INFO     | [108] train-mae:0.07329 | val-mae:0.07630
2026-03-24 17:34:24 | INFO     | [109] train-mae:0.07256 | val-mae:0.07568
2026-03-24 17:34:24 | INFO     | [110] train-mae:0.07204 | val-mae:0.07527
2026-03-24 17:34:24 | INFO     | [111] train-mae:0.07134 | val-mae:0.07465
2026-03-24 17:34:24 | INFO     | [112] train-mae:0.07098 | val-mae:0.07438
2026-03-24 17:34:24 | INFO     | [113] train-mae:0.07063 | val-mae:0.07406
2026-03-24 17:34:24 | INFO     | [114] train-mae:0.07017 | val-mae:0.07367
2026-03-24 17:34:24 | INFO     | [115] train-mae:0.06965 | val-mae:0.07325
2026-03-24 17:34:24 | INFO     | [116] train-mae:0.06937 | val-mae:0.07298
2026-03-24 17:34:24 | INFO     | [117] train-mae:0.06896 | val-mae:0.07258
2026-03-24 17:34:24 | INFO     | [118] train-mae:0.06871 | val-mae:0.07233
2026-03-24 17:34:24 | INFO     | [119] train-mae:0.06814 | val-mae:0.07188
2026-03-24 17:34:24 | INFO     | [120] train-mae:0.06749 | val-mae:0.07134
2026-03-24 17:34:24 | INFO     | [121] train-mae:0.06709 | val-mae:0.07103
2026-03-24 17:34:24 | INFO     | [122] train-mae:0.06679 | val-mae:0.07076
2026-03-24 17:34:24 | INFO     | [123] train-mae:0.06636 | val-mae:0.07040
2026-03-24 17:34:24 | INFO     | [124] train-mae:0.06596 | val-mae:0.07005
2026-03-24 17:34:24 | INFO     | [125] train-mae:0.06573 | val-mae:0.06985
2026-03-24 17:34:24 | INFO     | [126] train-mae:0.06553 | val-mae:0.06968
2026-03-24 17:34:24 | INFO     | [127] train-mae:0.06517 | val-mae:0.06934
2026-03-24 17:34:24 | INFO     | [128] train-mae:0.06485 | val-mae:0.06908
2026-03-24 17:34:24 | INFO     | [129] train-mae:0.06455 | val-mae:0.06881
2026-03-24 17:34:24 | INFO     | [130] train-mae:0.06428 | val-mae:0.06856
2026-03-24 17:34:24 | INFO     | [131] train-mae:0.06401 | val-mae:0.06833
2026-03-24 17:34:24 | INFO     | [132] train-mae:0.06385 | val-mae:0.06820
2026-03-24 17:34:24 | INFO     | [133] train-mae:0.06367 | val-mae:0.06805
2026-03-24 17:34:24 | INFO     | [134] train-mae:0.06353 | val-mae:0.06791
2026-03-24 17:34:24 | INFO     | [135] train-mae:0.06337 | val-mae:0.06775
2026-03-24 17:34:24 | INFO     | [136] train-mae:0.06311 | val-mae:0.06752
2026-03-24 17:34:24 | INFO     | [137] train-mae:0.06297 | val-mae:0.06741
2026-03-24 17:34:24 | INFO     | [138] train-mae:0.06275 | val-mae:0.06722
2026-03-24 17:34:24 | INFO     | [139] train-mae:0.06254 | val-mae:0.06705
2026-03-24 17:34:24 | INFO     | [140] train-mae:0.06234 | val-mae:0.06686
2026-03-24 17:34:24 | INFO     | [141] train-mae:0.06213 | val-mae:0.06668
2026-03-24 17:34:24 | INFO     | [142] train-mae:0.06200 | val-mae:0.06655
2026-03-24 17:34:24 | INFO     | [143] train-mae:0.06185 | val-mae:0.06639
2026-03-24 17:34:24 | INFO     | [144] train-mae:0.06177 | val-mae:0.06633
2026-03-24 17:34:24 | INFO     | [145] train-mae:0.06168 | val-mae:0.06624
2026-03-24 17:34:24 | INFO     | [146] train-mae:0.06157 | val-mae:0.06609
2026-03-24 17:34:24 | INFO     | [147] train-mae:0.06149 | val-mae:0.06600
2026-03-24 17:34:24 | INFO     | [148] train-mae:0.06140 | val-mae:0.06590
2026-03-24 17:34:24 | INFO     | [149] train-mae:0.06122 | val-mae:0.06573
2026-03-24 17:34:24 | INFO     | [150] train-mae:0.06106 | val-mae:0.06555
2026-03-24 17:34:24 | INFO     | [151] train-mae:0.06091 | val-mae:0.06542
2026-03-24 17:34:24 | INFO     | [152] train-mae:0.06075 | val-mae:0.06525
2026-03-24 17:34:24 | INFO     | [153] train-mae:0.06067 | val-mae:0.06519
2026-03-24 17:34:24 | INFO     | [154] train-mae:0.06052 | val-mae:0.06504
2026-03-24 17:34:24 | INFO     | [155] train-mae:0.06038 | val-mae:0.06492
2026-03-24 17:34:24 | INFO     | [156] train-mae:0.06033 | val-mae:0.06489
2026-03-24 17:34:24 | INFO     | [157] train-mae:0.06022 | val-mae:0.06482
2026-03-24 17:34:24 | INFO     | [158] train-mae:0.06008 | val-mae:0.06468
2026-03-24 17:34:24 | INFO     | [159] train-mae:0.06002 | val-mae:0.06463
2026-03-24 17:34:24 | INFO     | [160] train-mae:0.05990 | val-mae:0.06450
2026-03-24 17:34:24 | INFO     | [161] train-mae:0.05980 | val-mae:0.06436
2026-03-24 17:34:24 | INFO     | [162] train-mae:0.05972 | val-mae:0.06429
2026-03-24 17:34:24 | INFO     | [163] train-mae:0.05959 | val-mae:0.06417
2026-03-24 17:34:24 | INFO     | [164] train-mae:0.05949 | val-mae:0.06409
2026-03-24 17:34:24 | INFO     | [165] train-mae:0.05944 | val-mae:0.06402
2026-03-24 17:34:24 | INFO     | [166] train-mae:0.05931 | val-mae:0.06390
2026-03-24 17:34:24 | INFO     | [167] train-mae:0.05924 | val-mae:0.06382
2026-03-24 17:34:24 | INFO     | [168] train-mae:0.05914 | val-mae:0.06373
2026-03-24 17:34:24 | INFO     | [169] train-mae:0.05906 | val-mae:0.06367
2026-03-24 17:34:24 | INFO     | [170] train-mae:0.05892 | val-mae:0.06356
2026-03-24 17:34:24 | INFO     | [171] train-mae:0.05883 | val-mae:0.06348
2026-03-24 17:34:24 | INFO     | [172] train-mae:0.05866 | val-mae:0.06330
2026-03-24 17:34:24 | INFO     | [173] train-mae:0.05855 | val-mae:0.06317
2026-03-24 17:34:24 | INFO     | [174] train-mae:0.05848 | val-mae:0.06309
2026-03-24 17:34:24 | INFO     | [175] train-mae:0.05834 | val-mae:0.06295
2026-03-24 17:34:24 | INFO     | [176] train-mae:0.05826 | val-mae:0.06288
2026-03-24 17:34:24 | INFO     | [177] train-mae:0.05812 | val-mae:0.06274
2026-03-24 17:34:24 | INFO     | [178] train-mae:0.05807 | val-mae:0.06271
2026-03-24 17:34:24 | INFO     | [179] train-mae:0.05797 | val-mae:0.06261
2026-03-24 17:34:24 | INFO     | [180] train-mae:0.05787 | val-mae:0.06254
2026-03-24 17:34:24 | INFO     | [181] train-mae:0.05782 | val-mae:0.06251
2026-03-24 17:34:24 | INFO     | [182] train-mae:0.05773 | val-mae:0.06240
2026-03-24 17:34:24 | INFO     | [183] train-mae:0.05762 | val-mae:0.06234
2026-03-24 17:34:24 | INFO     | [184] train-mae:0.05748 | val-mae:0.06220
2026-03-24 17:34:24 | INFO     | [185] train-mae:0.05727 | val-mae:0.06197
2026-03-24 17:34:24 | INFO     | [186] train-mae:0.05714 | val-mae:0.06184
2026-03-24 17:34:24 | INFO     | [187] train-mae:0.05713 | val-mae:0.06182
2026-03-24 17:34:24 | INFO     | [188] train-mae:0.05703 | val-mae:0.06172
2026-03-24 17:34:24 | INFO     | [189] train-mae:0.05692 | val-mae:0.06161
2026-03-24 17:34:24 | INFO     | [190] train-mae:0.05683 | val-mae:0.06151
2026-03-24 17:34:24 | INFO     | [191] train-mae:0.05680 | val-mae:0.06148
2026-03-24 17:34:24 | INFO     | [192] train-mae:0.05679 | val-mae:0.06148
2026-03-24 17:34:24 | INFO     | [193] train-mae:0.05676 | val-mae:0.06145
2026-03-24 17:34:24 | INFO     | [194] train-mae:0.05667 | val-mae:0.06141
2026-03-24 17:34:24 | INFO     | [195] train-mae:0.05663 | val-mae:0.06139
2026-03-24 17:34:24 | INFO     | [196] train-mae:0.05663 | val-mae:0.06139
2026-03-24 17:34:24 | INFO     | [197] train-mae:0.05657 | val-mae:0.06133
2026-03-24 17:34:24 | INFO     | [198] train-mae:0.05649 | val-mae:0.06127
2026-03-24 17:34:24 | INFO     | [199] train-mae:0.05647 | val-mae:0.06126
2026-03-24 17:34:24 | INFO     | [200] train-mae:0.05642 | val-mae:0.06123
2026-03-24 17:34:24 | INFO     | [201] train-mae:0.05640 | val-mae:0.06113
2026-03-24 17:34:24 | INFO     | [202] train-mae:0.05626 | val-mae:0.06099
2026-03-24 17:34:24 | INFO     | [203] train-mae:0.05624 | val-mae:0.06099
2026-03-24 17:34:24 | INFO     | [204] train-mae:0.05623 | val-mae:0.06099
2026-03-24 17:34:24 | INFO     | [205] train-mae:0.05623 | val-mae:0.06098
2026-03-24 17:34:24 | INFO     | [206] train-mae:0.05623 | val-mae:0.06099
2026-03-24 17:34:24 | INFO     | [207] train-mae:0.05612 | val-mae:0.06088
2026-03-24 17:34:24 | INFO     | [208] train-mae:0.05604 | val-mae:0.06079
2026-03-24 17:34:24 | INFO     | [209] train-mae:0.05604 | val-mae:0.06079
2026-03-24 17:34:24 | INFO     | [210] train-mae:0.05604 | val-mae:0.06079
2026-03-24 17:34:24 | INFO     | [211] train-mae:0.05604 | val-mae:0.06079
2026-03-24 17:34:24 | INFO     | [212] train-mae:0.05601 | val-mae:0.06079
2026-03-24 17:34:24 | INFO     | [213] train-mae:0.05601 | val-mae:0.06079
2026-03-24 17:34:24 | INFO     | [214] train-mae:0.05600 | val-mae:0.06078
2026-03-24 17:34:24 | INFO     | [215] train-mae:0.05584 | val-mae:0.06061
2026-03-24 17:34:24 | INFO     | [216] train-mae:0.05584 | val-mae:0.06061
2026-03-24 17:34:24 | INFO     | [217] train-mae:0.05573 | val-mae:0.06050
2026-03-24 17:34:24 | INFO     | [218] train-mae:0.05570 | val-mae:0.06049
2026-03-24 17:34:24 | INFO     | [219] train-mae:0.05556 | val-mae:0.06030
2026-03-24 17:34:24 | INFO     | [220] train-mae:0.05551 | val-mae:0.06024
2026-03-24 17:34:24 | INFO     | [221] train-mae:0.05541 | val-mae:0.06016
2026-03-24 17:34:24 | INFO     | [222] train-mae:0.05541 | val-mae:0.06016
2026-03-24 17:34:24 | INFO     | [223] train-mae:0.05541 | val-mae:0.06016
2026-03-24 17:34:24 | INFO     | [224] train-mae:0.05537 | val-mae:0.06015
2026-03-24 17:34:24 | INFO     | [225] train-mae:0.05537 | val-mae:0.06015
2026-03-24 17:34:24 | INFO     | [226] train-mae:0.05533 | val-mae:0.06012
2026-03-24 17:34:24 | INFO     | [227] train-mae:0.05533 | val-mae:0.06012
2026-03-24 17:34:24 | INFO     | [228] train-mae:0.05523 | val-mae:0.06002
2026-03-24 17:34:24 | INFO     | [229] train-mae:0.05523 | val-mae:0.06002
2026-03-24 17:34:24 | INFO     | [230] train-mae:0.05523 | val-mae:0.06002
2026-03-24 17:34:24 | INFO     | [231] train-mae:0.05523 | val-mae:0.06002
2026-03-24 17:34:24 | INFO     | [232] train-mae:0.05523 | val-mae:0.06003
2026-03-24 17:34:24 | INFO     | [233] train-mae:0.05523 | val-mae:0.06002
2026-03-24 17:34:24 | INFO     | [234] train-mae:0.05523 | val-mae:0.06003
2026-03-24 17:34:24 | INFO     | [235] train-mae:0.05523 | val-mae:0.06003
2026-03-24 17:34:24 | INFO     | [236] train-mae:0.05523 | val-mae:0.06002
2026-03-24 17:34:24 | INFO     | [237] train-mae:0.05522 | val-mae:0.06002
2026-03-24 17:34:24 | INFO     | [238] train-mae:0.05518 | val-mae:0.06001
2026-03-24 17:34:24 | INFO     | [239] train-mae:0.05518 | val-mae:0.06001
2026-03-24 17:34:24 | INFO     | [240] train-mae:0.05518 | val-mae:0.06001
2026-03-24 17:34:24 | INFO     | [241] train-mae:0.05515 | val-mae:0.06000
2026-03-24 17:34:24 | INFO     | [242] train-mae:0.05515 | val-mae:0.05999
2026-03-24 17:34:24 | INFO     | [243] train-mae:0.05515 | val-mae:0.05999
2026-03-24 17:34:24 | INFO     | [244] train-mae:0.05515 | val-mae:0.05999
2026-03-24 17:34:24 | INFO     | [245] train-mae:0.05515 | val-mae:0.05999
2026-03-24 17:34:24 | INFO     | [246] train-mae:0.05515 | val-mae:0.05999
2026-03-24 17:34:24 | INFO     | [247] train-mae:0.05510 | val-mae:0.05995
2026-03-24 17:34:24 | INFO     | [248] train-mae:0.05510 | val-mae:0.05995
2026-03-24 17:34:24 | INFO     | [249] train-mae:0.05498 | val-mae:0.05983
2026-03-24 17:34:24 | INFO     | [250] train-mae:0.05498 | val-mae:0.05983
2026-03-24 17:34:24 | INFO     | [251] train-mae:0.05494 | val-mae:0.05982
2026-03-24 17:34:24 | INFO     | [252] train-mae:0.05494 | val-mae:0.05982
2026-03-24 17:34:24 | INFO     | [253] train-mae:0.05492 | val-mae:0.05982
2026-03-24 17:34:24 | INFO     | [254] train-mae:0.05492 | val-mae:0.05982
2026-03-24 17:34:24 | INFO     | [255] train-mae:0.05492 | val-mae:0.05982
2026-03-24 17:34:24 | INFO     | [256] train-mae:0.05492 | val-mae:0.05982
2026-03-24 17:34:24 | INFO     | [257] train-mae:0.05488 | val-mae:0.05981
2026-03-24 17:34:24 | INFO     | [258] train-mae:0.05488 | val-mae:0.05981
2026-03-24 17:34:24 | INFO     | [259] train-mae:0.05488 | val-mae:0.05981
2026-03-24 17:34:24 | INFO     | [260] train-mae:0.05488 | val-mae:0.05981
2026-03-24 17:34:24 | INFO     | [261] train-mae:0.05488 | val-mae:0.05981
2026-03-24 17:34:24 | INFO     | [262] train-mae:0.05488 | val-mae:0.05981
2026-03-24 17:34:24 | INFO     | [263] train-mae:0.05477 | val-mae:0.05969
2026-03-24 17:34:24 | INFO     | [264] train-mae:0.05465 | val-mae:0.05955
2026-03-24 17:34:24 | INFO     | [265] train-mae:0.05463 | val-mae:0.05954
2026-03-24 17:34:24 | INFO     | [266] train-mae:0.05463 | val-mae:0.05954
2026-03-24 17:34:24 | INFO     | [267] train-mae:0.05463 | val-mae:0.05954
2026-03-24 17:34:24 | INFO     | [268] train-mae:0.05463 | val-mae:0.05954
2026-03-24 17:34:24 | INFO     | [269] train-mae:0.05463 | val-mae:0.05954
2026-03-24 17:34:24 | INFO     | [270] train-mae:0.05463 | val-mae:0.05954
2026-03-24 17:34:24 | INFO     | [271] train-mae:0.05463 | val-mae:0.05955
2026-03-24 17:34:24 | INFO     | [272] train-mae:0.05463 | val-mae:0.05955
2026-03-24 17:34:24 | INFO     | [273] train-mae:0.05463 | val-mae:0.05954
2026-03-24 17:34:24 | INFO     | [274] train-mae:0.05463 | val-mae:0.05954
2026-03-24 17:34:24 | INFO     | [275] train-mae:0.05463 | val-mae:0.05955
2026-03-24 17:34:24 | INFO     | [276] train-mae:0.05463 | val-mae:0.05954
2026-03-24 17:34:24 | INFO     | [277] train-mae:0.05459 | val-mae:0.05953
2026-03-24 17:34:24 | INFO     | [278] train-mae:0.05450 | val-mae:0.05946
2026-03-24 17:34:24 | INFO     | [279] train-mae:0.05448 | val-mae:0.05944
2026-03-24 17:34:24 | INFO     | [280] train-mae:0.05443 | val-mae:0.05941
2026-03-24 17:34:24 | INFO     | [281] train-mae:0.05442 | val-mae:0.05941
2026-03-24 17:34:24 | INFO     | [282] train-mae:0.05442 | val-mae:0.05941
2026-03-24 17:34:24 | INFO     | [283] train-mae:0.05442 | val-mae:0.05941
2026-03-24 17:34:24 | INFO     | [284] train-mae:0.05433 | val-mae:0.05932
2026-03-24 17:34:24 | INFO     | [285] train-mae:0.05433 | val-mae:0.05932
2026-03-24 17:34:24 | INFO     | [286] train-mae:0.05433 | val-mae:0.05932
2026-03-24 17:34:24 | INFO     | [287] train-mae:0.05433 | val-mae:0.05932
2026-03-24 17:34:24 | INFO     | [288] train-mae:0.05433 | val-mae:0.05932
2026-03-24 17:34:24 | INFO     | [289] train-mae:0.05433 | val-mae:0.05932
2026-03-24 17:34:24 | INFO     | [290] train-mae:0.05433 | val-mae:0.05932
2026-03-24 17:34:24 | INFO     | [291] train-mae:0.05433 | val-mae:0.05932
2026-03-24 17:34:24 | INFO     | [292] train-mae:0.05431 | val-mae:0.05932
2026-03-24 17:34:24 | INFO     | [293] train-mae:0.05431 | val-mae:0.05932
2026-03-24 17:34:24 | INFO     | [294] train-mae:0.05431 | val-mae:0.05932
2026-03-24 17:34:24 | INFO     | [295] train-mae:0.05431 | val-mae:0.05932
2026-03-24 17:34:24 | INFO     | [296] train-mae:0.05431 | val-mae:0.05932
2026-03-24 17:34:24 | INFO     | [297] train-mae:0.05431 | val-mae:0.05932
2026-03-24 17:34:24 | INFO     | [298] train-mae:0.05431 | val-mae:0.05932
2026-03-24 17:34:24 | INFO     | [299] train-mae:0.05431 | val-mae:0.05932
2026-03-24 17:34:24 | INFO     | [300] train-mae:0.05431 | val-mae:0.05932
2026-03-24 17:34:24 | INFO     | [301] train-mae:0.05431 | val-mae:0.05932
2026-03-24 17:34:24 | INFO     | [302] train-mae:0.05433 | val-mae:0.05929
2026-03-24 17:34:24 | INFO     | [303] train-mae:0.05433 | val-mae:0.05929
2026-03-24 17:34:24 | INFO     | [304] train-mae:0.05433 | val-mae:0.05930
2026-03-24 17:34:24 | INFO     | [305] train-mae:0.05433 | val-mae:0.05930
2026-03-24 17:34:24 | INFO     | [306] train-mae:0.05433 | val-mae:0.05930
2026-03-24 17:34:24 | INFO     | [307] train-mae:0.05433 | val-mae:0.05930
2026-03-24 17:34:24 | INFO     | [308] train-mae:0.05433 | val-mae:0.05930
2026-03-24 17:34:24 | INFO     | [309] train-mae:0.05429 | val-mae:0.05929
2026-03-24 17:34:24 | INFO     | [310] train-mae:0.05429 | val-mae:0.05929
2026-03-24 17:34:24 | INFO     | [311] train-mae:0.05429 | val-mae:0.05929
2026-03-24 17:34:24 | INFO     | [312] train-mae:0.05429 | val-mae:0.05929
2026-03-24 17:34:24 | INFO     | [313] train-mae:0.05429 | val-mae:0.05929
2026-03-24 17:34:24 | INFO     | [314] train-mae:0.05429 | val-mae:0.05929
2026-03-24 17:34:24 | INFO     | [315] train-mae:0.05428 | val-mae:0.05928
2026-03-24 17:34:24 | INFO     | [316] train-mae:0.05428 | val-mae:0.05928
2026-03-24 17:34:24 | INFO     | [317] train-mae:0.05428 | val-mae:0.05928
2026-03-24 17:34:24 | INFO     | [318] train-mae:0.05428 | val-mae:0.05928
2026-03-24 17:34:24 | INFO     | [319] train-mae:0.05428 | val-mae:0.05928
2026-03-24 17:34:24 | INFO     | [320] train-mae:0.05428 | val-mae:0.05928
2026-03-24 17:34:24 | INFO     | [321] train-mae:0.05428 | val-mae:0.05928
2026-03-24 17:34:24 | INFO     | [322] train-mae:0.05428 | val-mae:0.05928
2026-03-24 17:34:24 | INFO     | [323] train-mae:0.05428 | val-mae:0.05928
2026-03-24 17:34:24 | INFO     | [324] train-mae:0.05428 | val-mae:0.05928
2026-03-24 17:34:24 | INFO     | [325] train-mae:0.05428 | val-mae:0.05928
2026-03-24 17:34:24 | INFO     | [326] train-mae:0.05428 | val-mae:0.05928
2026-03-24 17:34:24 | INFO     | [327] train-mae:0.05428 | val-mae:0.05928
2026-03-24 17:34:24 | INFO     | [328] train-mae:0.05428 | val-mae:0.05928
2026-03-24 17:34:24 | INFO     | [329] train-mae:0.05428 | val-mae:0.05928
2026-03-24 17:34:24 | INFO     | [330] train-mae:0.05415 | val-mae:0.05914
2026-03-24 17:34:24 | INFO     | [331] train-mae:0.05412 | val-mae:0.05911
2026-03-24 17:34:24 | INFO     | [332] train-mae:0.05412 | val-mae:0.05910
2026-03-24 17:34:24 | INFO     | [333] train-mae:0.05412 | val-mae:0.05911
2026-03-24 17:34:24 | INFO     | [334] train-mae:0.05412 | val-mae:0.05911
2026-03-24 17:34:24 | INFO     | [335] train-mae:0.05412 | val-mae:0.05910
2026-03-24 17:34:24 | INFO     | [336] train-mae:0.05412 | val-mae:0.05911
2026-03-24 17:34:24 | INFO     | [337] train-mae:0.05412 | val-mae:0.05911
2026-03-24 17:34:24 | INFO     | [338] train-mae:0.05410 | val-mae:0.05911
2026-03-24 17:34:24 | INFO     | [339] train-mae:0.05410 | val-mae:0.05910
2026-03-24 17:34:24 | INFO     | [340] train-mae:0.05410 | val-mae:0.05910
2026-03-24 17:34:24 | INFO     | [341] train-mae:0.05407 | val-mae:0.05909
2026-03-24 17:34:24 | INFO     | [342] train-mae:0.05407 | val-mae:0.05909
2026-03-24 17:34:24 | INFO     | [343] train-mae:0.05407 | val-mae:0.05909
2026-03-24 17:34:24 | INFO     | [344] train-mae:0.05407 | val-mae:0.05909
2026-03-24 17:34:24 | INFO     | [345] train-mae:0.05407 | val-mae:0.05909
2026-03-24 17:34:24 | INFO     | [346] train-mae:0.05405 | val-mae:0.05908
2026-03-24 17:34:24 | INFO     | [347] train-mae:0.05405 | val-mae:0.05908
2026-03-24 17:34:24 | INFO     | [348] train-mae:0.05405 | val-mae:0.05908
2026-03-24 17:34:24 | INFO     | [349] train-mae:0.05404 | val-mae:0.05908
2026-03-24 17:34:24 | INFO     | [350] train-mae:0.05404 | val-mae:0.05908
2026-03-24 17:34:24 | INFO     | [351] train-mae:0.05404 | val-mae:0.05908
2026-03-24 17:34:24 | INFO     | [352] train-mae:0.05404 | val-mae:0.05908
2026-03-24 17:34:24 | INFO     | [353] train-mae:0.05404 | val-mae:0.05908
2026-03-24 17:34:24 | INFO     | [354] train-mae:0.05404 | val-mae:0.05908
2026-03-24 17:34:24 | INFO     | [355] train-mae:0.05401 | val-mae:0.05907
2026-03-24 17:34:24 | INFO     | [356] train-mae:0.05401 | val-mae:0.05907
2026-03-24 17:34:24 | INFO     | [357] train-mae:0.05401 | val-mae:0.05907
2026-03-24 17:34:24 | INFO     | [358] train-mae:0.05401 | val-mae:0.05907
2026-03-24 17:34:24 | INFO     | [359] train-mae:0.05401 | val-mae:0.05907
2026-03-24 17:34:24 | INFO     | [360] train-mae:0.05395 | val-mae:0.05904
2026-03-24 17:34:24 | INFO     | [361] train-mae:0.05395 | val-mae:0.05904
2026-03-24 17:34:24 | INFO     | [362] train-mae:0.05395 | val-mae:0.05904
2026-03-24 17:34:24 | INFO     | [363] train-mae:0.05395 | val-mae:0.05904
2026-03-24 17:34:24 | INFO     | [364] train-mae:0.05395 | val-mae:0.05904
2026-03-24 17:34:24 | INFO     | [365] train-mae:0.05395 | val-mae:0.05904
2026-03-24 17:34:24 | INFO     | [366] train-mae:0.05395 | val-mae:0.05904
2026-03-24 17:34:24 | INFO     | [367] train-mae:0.05395 | val-mae:0.05904
2026-03-24 17:34:24 | INFO     | [368] train-mae:0.05395 | val-mae:0.05904
2026-03-24 17:34:24 | INFO     | [369] train-mae:0.05395 | val-mae:0.05905
2026-03-24 17:34:24 | INFO     | [370] train-mae:0.05395 | val-mae:0.05905
2026-03-24 17:34:24 | INFO     | [371] train-mae:0.05393 | val-mae:0.05904
2026-03-24 17:34:24 | INFO     | [372] train-mae:0.05393 | val-mae:0.05904
2026-03-24 17:34:24 | INFO     | [373] train-mae:0.05393 | val-mae:0.05904
2026-03-24 17:34:24 | INFO     | [374] train-mae:0.05393 | val-mae:0.05904
2026-03-24 17:34:24 | INFO     | [375] train-mae:0.05393 | val-mae:0.05904
2026-03-24 17:34:24 | INFO     | [376] train-mae:0.05393 | val-mae:0.05905
2026-03-24 17:34:24 | INFO     | [377] train-mae:0.05393 | val-mae:0.05904
2026-03-24 17:34:24 | INFO     | [378] train-mae:0.05393 | val-mae:0.05904
2026-03-24 17:34:24 | INFO     | [379] train-mae:0.05393 | val-mae:0.05904
2026-03-24 17:34:24 | INFO     | [380] train-mae:0.05393 | val-mae:0.05904
2026-03-24 17:34:24 | INFO     | [381] train-mae:0.05393 | val-mae:0.05904
2026-03-24 17:34:24 | INFO     | [382] train-mae:0.05393 | val-mae:0.05904
2026-03-24 17:34:24 | INFO     | [383] train-mae:0.05393 | val-mae:0.05904
2026-03-24 17:34:24 | INFO     | [384] train-mae:0.05393 | val-mae:0.05904
2026-03-24 17:34:24 | INFO     | [385] train-mae:0.05387 | val-mae:0.05900
2026-03-24 17:34:24 | INFO     | [386] train-mae:0.05387 | val-mae:0.05900
2026-03-24 17:34:24 | INFO     | [387] train-mae:0.05387 | val-mae:0.05900
2026-03-24 17:34:24 | INFO     | [388] train-mae:0.05387 | val-mae:0.05900
2026-03-24 17:34:24 | INFO     | [389] train-mae:0.05387 | val-mae:0.05900
2026-03-24 17:34:24 | INFO     | [390] train-mae:0.05387 | val-mae:0.05900
2026-03-24 17:34:24 | INFO     | [391] train-mae:0.05384 | val-mae:0.05895
2026-03-24 17:34:24 | INFO     | [392] train-mae:0.05384 | val-mae:0.05895
2026-03-24 17:34:24 | INFO     | [393] train-mae:0.05384 | val-mae:0.05895
2026-03-24 17:34:24 | INFO     | [394] train-mae:0.05384 | val-mae:0.05895
2026-03-24 17:34:24 | INFO     | [395] train-mae:0.05375 | val-mae:0.05887
2026-03-24 17:34:24 | INFO     | [396] train-mae:0.05375 | val-mae:0.05887
2026-03-24 17:34:24 | INFO     | [397] train-mae:0.05375 | val-mae:0.05888
2026-03-24 17:34:24 | INFO     | [398] train-mae:0.05375 | val-mae:0.05887
2026-03-24 17:34:24 | INFO     | [399] train-mae:0.05375 | val-mae:0.05887
2026-03-24 17:34:24 | INFO     | [400] train-mae:0.05375 | val-mae:0.05887
2026-03-24 17:34:24 | INFO     | [401] train-mae:0.05375 | val-mae:0.05887
2026-03-24 17:34:24 | INFO     | [402] train-mae:0.05375 | val-mae:0.05887
2026-03-24 17:34:24 | INFO     | [403] train-mae:0.05375 | val-mae:0.05887
2026-03-24 17:34:24 | INFO     | [404] train-mae:0.05375 | val-mae:0.05887
2026-03-24 17:34:24 | INFO     | [405] train-mae:0.05373 | val-mae:0.05886
2026-03-24 17:34:24 | INFO     | [406] train-mae:0.05372 | val-mae:0.05886
2026-03-24 17:34:24 | INFO     | [407] train-mae:0.05372 | val-mae:0.05886
2026-03-24 17:34:24 | INFO     | [408] train-mae:0.05373 | val-mae:0.05886
2026-03-24 17:34:24 | INFO     | [409] train-mae:0.05373 | val-mae:0.05886
2026-03-24 17:34:24 | INFO     | [410] train-mae:0.05373 | val-mae:0.05886
2026-03-24 17:34:24 | INFO     | [411] train-mae:0.05373 | val-mae:0.05886
2026-03-24 17:34:24 | INFO     | [412] train-mae:0.05373 | val-mae:0.05886
2026-03-24 17:34:24 | INFO     | [413] train-mae:0.05373 | val-mae:0.05886
2026-03-24 17:34:24 | INFO     | [414] train-mae:0.05372 | val-mae:0.05886
2026-03-24 17:34:24 | INFO     | [415] train-mae:0.05372 | val-mae:0.05886
2026-03-24 17:34:24 | INFO     | [416] train-mae:0.05372 | val-mae:0.05886
2026-03-24 17:34:24 | INFO     | [417] train-mae:0.05372 | val-mae:0.05886
2026-03-24 17:34:24 | INFO     | [418] train-mae:0.05372 | val-mae:0.05886
2026-03-24 17:34:24 | INFO     | [419] train-mae:0.05372 | val-mae:0.05886
2026-03-24 17:34:24 | INFO     | [420] train-mae:0.05372 | val-mae:0.05886
2026-03-24 17:34:24 | INFO     | [421] train-mae:0.05372 | val-mae:0.05886
2026-03-24 17:34:24 | INFO     | [422] train-mae:0.05372 | val-mae:0.05886
2026-03-24 17:34:24 | INFO     | [423] train-mae:0.05372 | val-mae:0.05886
2026-03-24 17:34:24 | INFO     | [424] train-mae:0.05372 | val-mae:0.05886
2026-03-24 17:34:24 | INFO     | [425] train-mae:0.05372 | val-mae:0.05886
2026-03-24 17:34:24 | INFO     | [426] train-mae:0.05372 | val-mae:0.05886
2026-03-24 17:34:24 | INFO     | [427] train-mae:0.05372 | val-mae:0.05886
2026-03-24 17:34:24 | INFO     | [428] train-mae:0.05372 | val-mae:0.05886
2026-03-24 17:34:24 | INFO     | [429] train-mae:0.05372 | val-mae:0.05886
2026-03-24 17:34:24 | INFO     | [430] train-mae:0.05369 | val-mae:0.05883
2026-03-24 17:34:24 | INFO     | [431] train-mae:0.05369 | val-mae:0.05884
2026-03-24 17:34:24 | INFO     | [432] train-mae:0.05369 | val-mae:0.05884
2026-03-24 17:34:24 | INFO     | [433] train-mae:0.05369 | val-mae:0.05884
2026-03-24 17:34:24 | INFO     | [434] train-mae:0.05369 | val-mae:0.05884
2026-03-24 17:34:24 | INFO     | [435] train-mae:0.05369 | val-mae:0.05884
2026-03-24 17:34:24 | INFO     | [436] train-mae:0.05367 | val-mae:0.05883
2026-03-24 17:34:24 | INFO     | [437] train-mae:0.05367 | val-mae:0.05883
2026-03-24 17:34:24 | INFO     | [438] train-mae:0.05367 | val-mae:0.05883
2026-03-24 17:34:24 | INFO     | [439] train-mae:0.05367 | val-mae:0.05883
2026-03-24 17:34:24 | INFO     | [440] train-mae:0.05367 | val-mae:0.05883
2026-03-24 17:34:24 | INFO     | [441] train-mae:0.05367 | val-mae:0.05883
2026-03-24 17:34:24 | INFO     | [442] train-mae:0.05367 | val-mae:0.05883
2026-03-24 17:34:24 | INFO     | [443] train-mae:0.05367 | val-mae:0.05883
2026-03-24 17:34:24 | INFO     | [444] train-mae:0.05366 | val-mae:0.05883
2026-03-24 17:34:24 | INFO     | [445] train-mae:0.05366 | val-mae:0.05883
2026-03-24 17:34:24 | INFO     | [446] train-mae:0.05366 | val-mae:0.05882
2026-03-24 17:34:24 | INFO     | [447] train-mae:0.05366 | val-mae:0.05882
2026-03-24 17:34:24 | INFO     | [448] train-mae:0.05366 | val-mae:0.05882
2026-03-24 17:34:24 | INFO     | [449] train-mae:0.05366 | val-mae:0.05882
2026-03-24 17:34:24 | INFO     | [450] train-mae:0.05366 | val-mae:0.05882
2026-03-24 17:34:24 | INFO     | [451] train-mae:0.05359 | val-mae:0.05875
2026-03-24 17:34:24 | INFO     | [452] train-mae:0.05359 | val-mae:0.05875
2026-03-24 17:34:24 | INFO     | [453] train-mae:0.05359 | val-mae:0.05875
2026-03-24 17:34:24 | INFO     | [454] train-mae:0.05359 | val-mae:0.05875
2026-03-24 17:34:24 | INFO     | [455] train-mae:0.05359 | val-mae:0.05875
2026-03-24 17:34:24 | INFO     | [456] train-mae:0.05359 | val-mae:0.05875
2026-03-24 17:34:24 | INFO     | [457] train-mae:0.05359 | val-mae:0.05874
2026-03-24 17:34:24 | INFO     | [458] train-mae:0.05359 | val-mae:0.05874
2026-03-24 17:34:24 | INFO     | [459] train-mae:0.05354 | val-mae:0.05871
2026-03-24 17:34:24 | INFO     | [460] train-mae:0.05354 | val-mae:0.05871
2026-03-24 17:34:24 | INFO     | [461] train-mae:0.05354 | val-mae:0.05871
2026-03-24 17:34:24 | INFO     | [462] train-mae:0.05354 | val-mae:0.05871
2026-03-24 17:34:24 | INFO     | [463] train-mae:0.05354 | val-mae:0.05871
2026-03-24 17:34:24 | INFO     | [464] train-mae:0.05354 | val-mae:0.05871
2026-03-24 17:34:24 | INFO     | [465] train-mae:0.05354 | val-mae:0.05871
2026-03-24 17:34:24 | INFO     | [466] train-mae:0.05354 | val-mae:0.05871
2026-03-24 17:34:24 | INFO     | [467] train-mae:0.05354 | val-mae:0.05871
2026-03-24 17:34:24 | INFO     | [468] train-mae:0.05354 | val-mae:0.05871
2026-03-24 17:34:24 | INFO     | [469] train-mae:0.05354 | val-mae:0.05871
2026-03-24 17:34:24 | INFO     | [470] train-mae:0.05354 | val-mae:0.05871
2026-03-24 17:34:24 | INFO     | [471] train-mae:0.05354 | val-mae:0.05871
2026-03-24 17:34:24 | INFO     | [472] train-mae:0.05354 | val-mae:0.05871
2026-03-24 17:34:24 | INFO     | [473] train-mae:0.05354 | val-mae:0.05871
2026-03-24 17:34:24 | INFO     | [474] train-mae:0.05354 | val-mae:0.05871
2026-03-24 17:34:24 | INFO     | [475] train-mae:0.05354 | val-mae:0.05871
2026-03-24 17:34:24 | INFO     | [476] train-mae:0.05354 | val-mae:0.05871
2026-03-24 17:34:24 | INFO     | [477] train-mae:0.05354 | val-mae:0.05871
2026-03-24 17:34:24 | INFO     | [478] train-mae:0.05354 | val-mae:0.05871
2026-03-24 17:34:24 | INFO     | [479] train-mae:0.05350 | val-mae:0.05867
2026-03-24 17:34:24 | INFO     | [480] train-mae:0.05350 | val-mae:0.05867
2026-03-24 17:34:24 | INFO     | [481] train-mae:0.05350 | val-mae:0.05867
2026-03-24 17:34:24 | INFO     | [482] train-mae:0.05351 | val-mae:0.05867
2026-03-24 17:34:24 | INFO     | [483] train-mae:0.05350 | val-mae:0.05867
2026-03-24 17:34:24 | INFO     | [484] train-mae:0.05350 | val-mae:0.05867
2026-03-24 17:34:24 | INFO     | [485] train-mae:0.05350 | val-mae:0.05867
2026-03-24 17:34:24 | INFO     | [486] train-mae:0.05350 | val-mae:0.05867
2026-03-24 17:34:24 | INFO     | [487] train-mae:0.05350 | val-mae:0.05867
2026-03-24 17:34:24 | INFO     | [488] train-mae:0.05350 | val-mae:0.05867
2026-03-24 17:34:24 | INFO     | [489] train-mae:0.05350 | val-mae:0.05867
2026-03-24 17:34:24 | INFO     | [490] train-mae:0.05350 | val-mae:0.05867
2026-03-24 17:34:24 | INFO     | [491] train-mae:0.05350 | val-mae:0.05866
2026-03-24 17:34:24 | INFO     | [492] train-mae:0.05350 | val-mae:0.05866
2026-03-24 17:34:24 | INFO     | [493] train-mae:0.05350 | val-mae:0.05866
2026-03-24 17:34:24 | INFO     | [494] train-mae:0.05350 | val-mae:0.05866
2026-03-24 17:34:24 | INFO     | [495] train-mae:0.05350 | val-mae:0.05866
2026-03-24 17:34:24 | INFO     | [496] train-mae:0.05350 | val-mae:0.05866
2026-03-24 17:34:24 | INFO     | [497] train-mae:0.05350 | val-mae:0.05866
2026-03-24 17:34:24 | INFO     | [498] train-mae:0.05350 | val-mae:0.05866
2026-03-24 17:34:24 | INFO     | [499] train-mae:0.05349 | val-mae:0.05865
2026-03-24 17:34:24 | INFO     | [500] train-mae:0.05348 | val-mae:0.05865
2026-03-24 17:34:24 | INFO     | [501] train-mae:0.05349 | val-mae:0.05865
2026-03-24 17:34:24 | INFO     | [502] train-mae:0.05349 | val-mae:0.05865
2026-03-24 17:34:24 | INFO     | [503] train-mae:0.05349 | val-mae:0.05865
2026-03-24 17:34:24 | INFO     | [504] train-mae:0.05349 | val-mae:0.05865
2026-03-24 17:34:24 | INFO     | [505] train-mae:0.05349 | val-mae:0.05865
2026-03-24 17:34:24 | INFO     | [506] train-mae:0.05349 | val-mae:0.05865
2026-03-24 17:34:24 | INFO     | [507] train-mae:0.05349 | val-mae:0.05865
2026-03-24 17:34:24 | INFO     | [508] train-mae:0.05349 | val-mae:0.05865
2026-03-24 17:34:24 | INFO     | [509] train-mae:0.05349 | val-mae:0.05865
2026-03-24 17:34:24 | INFO     | [510] train-mae:0.05349 | val-mae:0.05865
2026-03-24 17:34:24 | INFO     | [511] train-mae:0.05349 | val-mae:0.05865
2026-03-24 17:34:24 | INFO     | [512] train-mae:0.05348 | val-mae:0.05864
2026-03-24 17:34:24 | INFO     | [513] train-mae:0.05348 | val-mae:0.05864
2026-03-24 17:34:24 | INFO     | [514] train-mae:0.05348 | val-mae:0.05864
2026-03-24 17:34:24 | INFO     | [515] train-mae:0.05348 | val-mae:0.05864
2026-03-24 17:34:24 | INFO     | [516] train-mae:0.05348 | val-mae:0.05864
2026-03-24 17:34:24 | INFO     | [517] train-mae:0.05348 | val-mae:0.05864
2026-03-24 17:34:24 | INFO     | [518] train-mae:0.05348 | val-mae:0.05865
2026-03-24 17:34:24 | INFO     | [519] train-mae:0.05348 | val-mae:0.05865
2026-03-24 17:34:24 | INFO     | [520] train-mae:0.05348 | val-mae:0.05865
2026-03-24 17:34:24 | INFO     | [521] train-mae:0.05348 | val-mae:0.05865
2026-03-24 17:34:24 | INFO     | [522] train-mae:0.05348 | val-mae:0.05864
2026-03-24 17:34:24 | INFO     | [523] train-mae:0.05348 | val-mae:0.05865
2026-03-24 17:34:24 | INFO     | [524] train-mae:0.05348 | val-mae:0.05864
2026-03-24 17:34:24 | INFO     | [525] train-mae:0.05348 | val-mae:0.05865
2026-03-24 17:34:24 | INFO     | [526] train-mae:0.05348 | val-mae:0.05864
2026-03-24 17:34:24 | INFO     | [527] train-mae:0.05348 | val-mae:0.05865
2026-03-24 17:34:24 | INFO     | [528] train-mae:0.05348 | val-mae:0.05865
2026-03-24 17:34:24 | INFO     | [529] train-mae:0.05348 | val-mae:0.05865
2026-03-24 17:34:24 | INFO     | [530] train-mae:0.05348 | val-mae:0.05864
2026-03-24 17:34:24 | INFO     | [531] train-mae:0.05348 | val-mae:0.05864
2026-03-24 17:34:24 | INFO     | [532] train-mae:0.05348 | val-mae:0.05864
2026-03-24 17:34:24 | INFO     | [533] train-mae:0.05348 | val-mae:0.05864
2026-03-24 17:34:24 | INFO     | [534] train-mae:0.05348 | val-mae:0.05864
2026-03-24 17:34:24 | INFO     | [535] train-mae:0.05348 | val-mae:0.05864
2026-03-24 17:34:24 | INFO     | [536] train-mae:0.05348 | val-mae:0.05864
2026-03-24 17:34:24 | INFO     | [537] train-mae:0.05348 | val-mae:0.05864
2026-03-24 17:34:24 | INFO     | [538] train-mae:0.05348 | val-mae:0.05864
2026-03-24 17:34:24 | INFO     | [539] train-mae:0.05348 | val-mae:0.05864
2026-03-24 17:34:24 | INFO     | [540] train-mae:0.05348 | val-mae:0.05864
2026-03-24 17:34:24 | INFO     | [541] train-mae:0.05348 | val-mae:0.05864
2026-03-24 17:34:24 | INFO     | [542] train-mae:0.05348 | val-mae:0.05864
2026-03-24 17:34:24 | INFO     | [543] train-mae:0.05348 | val-mae:0.05864
2026-03-24 17:34:24 | INFO     | [544] train-mae:0.05348 | val-mae:0.05864
2026-03-24 17:34:24 | INFO     | [545] train-mae:0.05348 | val-mae:0.05864
2026-03-24 17:34:24 | INFO     | [546] train-mae:0.05348 | val-mae:0.05864
2026-03-24 17:34:24 | INFO     | [547] train-mae:0.05348 | val-mae:0.05864
2026-03-24 17:34:24 | INFO     | [548] train-mae:0.05348 | val-mae:0.05864
2026-03-24 17:34:24 | INFO     | [549] train-mae:0.05348 | val-mae:0.05864
2026-03-24 17:34:24 | INFO     | [550] train-mae:0.05348 | val-mae:0.05864
2026-03-24 17:34:24 | INFO     | [551] train-mae:0.05348 | val-mae:0.05864
2026-03-24 17:34:24 | INFO     | [552] train-mae:0.05332 | val-mae:0.05846
2026-03-24 17:34:24 | INFO     | [553] train-mae:0.05332 | val-mae:0.05847
2026-03-24 17:34:24 | INFO     | [554] train-mae:0.05332 | val-mae:0.05847
2026-03-24 17:34:24 | INFO     | [555] train-mae:0.05332 | val-mae:0.05847
2026-03-24 17:34:24 | INFO     | [556] train-mae:0.05332 | val-mae:0.05847
2026-03-24 17:34:24 | INFO     | [557] train-mae:0.05332 | val-mae:0.05847
2026-03-24 17:34:24 | INFO     | [558] train-mae:0.05332 | val-mae:0.05847
2026-03-24 17:34:24 | INFO     | [559] train-mae:0.05332 | val-mae:0.05847
2026-03-24 17:34:24 | INFO     | [560] train-mae:0.05332 | val-mae:0.05847
2026-03-24 17:34:24 | INFO     | [561] train-mae:0.05332 | val-mae:0.05847
2026-03-24 17:34:24 | INFO     | [562] train-mae:0.05332 | val-mae:0.05848
2026-03-24 17:34:24 | INFO     | [563] train-mae:0.05332 | val-mae:0.05848
2026-03-24 17:34:24 | INFO     | [564] train-mae:0.05331 | val-mae:0.05847
2026-03-24 17:34:24 | INFO     | [565] train-mae:0.05331 | val-mae:0.05847
2026-03-24 17:34:24 | INFO     | [566] train-mae:0.05331 | val-mae:0.05847
2026-03-24 17:34:24 | INFO     | [567] train-mae:0.05331 | val-mae:0.05847
2026-03-24 17:34:24 | INFO     | [568] train-mae:0.05331 | val-mae:0.05847
2026-03-24 17:34:24 | INFO     | [569] train-mae:0.05331 | val-mae:0.05847
2026-03-24 17:34:24 | INFO     | [570] train-mae:0.05331 | val-mae:0.05846
2026-03-24 17:34:24 | INFO     | [571] train-mae:0.05331 | val-mae:0.05847
2026-03-24 17:34:24 | INFO     | [572] train-mae:0.05331 | val-mae:0.05847
2026-03-24 17:34:24 | INFO     | [573] train-mae:0.05331 | val-mae:0.05847
2026-03-24 17:34:24 | INFO     | [574] train-mae:0.05331 | val-mae:0.05847
2026-03-24 17:34:24 | INFO     | [575] train-mae:0.05331 | val-mae:0.05847
2026-03-24 17:34:24 | INFO     | [576] train-mae:0.05331 | val-mae:0.05847
2026-03-24 17:34:24 | INFO     | [577] train-mae:0.05331 | val-mae:0.05847
2026-03-24 17:34:24 | INFO     | [578] train-mae:0.05331 | val-mae:0.05847
2026-03-24 17:34:24 | INFO     | [579] train-mae:0.05331 | val-mae:0.05846
2026-03-24 17:34:24 | INFO     | [580] train-mae:0.05331 | val-mae:0.05847
2026-03-24 17:34:24 | INFO     | [581] train-mae:0.05331 | val-mae:0.05846
2026-03-24 17:34:24 | INFO     | [582] train-mae:0.05331 | val-mae:0.05847
2026-03-24 17:34:24 | INFO     | [583] train-mae:0.05331 | val-mae:0.05847
2026-03-24 17:34:24 | INFO     | [584] train-mae:0.05331 | val-mae:0.05846
2026-03-24 17:34:24 | INFO     | [585] train-mae:0.05331 | val-mae:0.05846
2026-03-24 17:34:24 | INFO     | [586] train-mae:0.05331 | val-mae:0.05846
2026-03-24 17:34:24 | INFO     | [587] train-mae:0.05331 | val-mae:0.05846
2026-03-24 17:34:24 | INFO     | [588] train-mae:0.05331 | val-mae:0.05846
2026-03-24 17:34:24 | INFO     | [589] train-mae:0.05331 | val-mae:0.05846
2026-03-24 17:34:24 | INFO     | [590] train-mae:0.05331 | val-mae:0.05846
2026-03-24 17:34:24 | INFO     | [591] train-mae:0.05331 | val-mae:0.05847
2026-03-24 17:34:24 | INFO     | [592] train-mae:0.05331 | val-mae:0.05847
2026-03-24 17:34:24 | INFO     | [593] train-mae:0.05331 | val-mae:0.05847
2026-03-24 17:34:24 | INFO     | [594] train-mae:0.05331 | val-mae:0.05847
2026-03-24 17:34:24 | INFO     | [595] train-mae:0.05331 | val-mae:0.05847
2026-03-24 17:34:24 | INFO     | [596] train-mae:0.05331 | val-mae:0.05847
2026-03-24 17:34:24 | INFO     | [597] train-mae:0.05331 | val-mae:0.05847
2026-03-24 17:34:24 | INFO     | [598] train-mae:0.05331 | val-mae:0.05847
2026-03-24 17:34:24 | INFO     | [599] train-mae:0.05331 | val-mae:0.05847
2026-03-24 17:34:24 | INFO     | Evaluation — MAE: 0.6930 | MAPE: 11.02%
2026-03-24 17:34:24 | INFO     |   edgegpu MAE: 0.2558
2026-03-24 17:34:24 | INFO     |   eyeriss MAE: 0.1382
2026-03-24 17:34:24 | INFO     |   fpga MAE: 0.0747
2026-03-24 17:34:24 | INFO     |   pixel3 MAE: 1.0486
2026-03-24 17:34:24 | INFO     |   raspi4 MAE: 1.9476
